11:09:39 **** Incremental Build of configuration Device-Debug for project ListTest ****
make -j4 Device-Debug 
make -C .//translations -f Makefile update
make[1]: Entering directory `C:/Users/DNShark/Documents/SnapBudget/mainapp/ListTest/translations'
C:/bbndk/host_10_2_0_15/win32/x86/usr/bin/lupdate ListTest.pro
C:/Users/DNShark/Documents/SnapBudget/mainapp/ListTest/assets/js/graph.js:74: 
Updating 'ListTest.ts'...
    Found 6 source text(s) (0 new and 6 already existing)
make[1]: Leaving directory `C:/Users/DNShark/Documents/SnapBudget/mainapp/ListTest/translations'
make -C .//translations -f Makefile release
make[1]: Entering directory `C:/Users/DNShark/Documents/SnapBudget/mainapp/ListTest/translations'
C:/bbndk/host_10_2_0_15/win32/x86/usr/bin/lrelease ListTest.pro
Updating 'C:/Users/DNShark/Documents/SnapBudget/mainapp/ListTest/translations/ListTest.qm'...
    Generated 0 translation(s) (0 finished and 0 unfinished)
    Ignored 6 untranslated source text(s)
make[1]: Leaving directory `C:/Users/DNShark/Documents/SnapBudget/mainapp/ListTest/translations'
make -C ./arm -f Makefile debug
make[1]: Entering directory `C:/Users/DNShark/Documents/SnapBudget/mainapp/ListTest/arm'
make -f Makefile.Debug
make[2]: Entering directory `C:/Users/DNShark/Documents/SnapBudget/mainapp/ListTest/arm'
qcc -Vgcc_ntoarmv7le -c -Wc,-include -Wc,o.le-v7-g/.obj/ListTest -Wno-psabi -lang-c++ -fstack-protector -fstack-protector-all -mcpu=cortex-a9 -g -Wno-psabi -Wall -W -D_REENTRANT -DQT_NO_IMPORT_QT47_QML -DQ_OS_BLACKBERRY -DQT_DECLARATIVE_DEBUG -DQT_DECLARATIVE_LIB -DQT_CORE_LIB -DQT_SHARED -Ic:/bbndk/target_10_2_0_1155/qnx6/usr/share/qt4/mkspecs/blackberry-armv7le-qcc -I../../ListTest -Ic:/bbndk/target_10_2_0_1155/qnx6/usr/include/qt4/QtCore -Ic:/bbndk/target_10_2_0_1155/qnx6/usr/include/qt4/QtDeclarative -Ic:/bbndk/target_10_2_0_1155/qnx6/usr/include/qt4 -I../src -Io.le-v7-g/.moc -Ic:/bbndk/target_10_2_0_1155/qnx6/usr/include -Ic:/bbndk/target_10_2_0_1155/qnx6/usr/include/freetype2 -I. -o o.le-v7-g/.obj/ListTest.o ../src/ListTest.cpp
../src/ListTest.cpp: In member function 'void ListTest::newPeriod(QString)':
../src/ListTest.cpp:835:8: warning: variable 'newStartDate' set but not used [-Wunused-but-set-variable]
../src/ListTest.cpp: At global scope:
../src/ListTest.cpp:1420:6: warning: unused parameter 'keyPressed' [-Wunused-parameter]
qcc -Vgcc_ntoarmv7le -lang-c++ -Wl,-rpath-link,C:/bbndk/target_10_2_0_1155/qnx6/armle-v7/lib -Wl,-rpath-link,C:/bbndk/target_10_2_0_1155/qnx6/armle-v7/usr/lib -Wl,-rpath-link,C:/bbndk/target_10_2_0_1155/qnx6/armle-v7/usr/lib/qt4/lib -o o.le-v7-g/ListTest o.le-v7-g/.obj/ListTest.o o.le-v7-g/.obj/applicationui.o o.le-v7-g/.obj/main.o o.le-v7-g/.obj/moc_ListTest.o o.le-v7-g/.obj/moc_applicationui.o    -LC:/bbndk/target_10_2_0_1155/qnx6/armle-v7/lib -LC:/bbndk/target_10_2_0_1155/qnx6/armle-v7/usr/lib -LC:/bbndk/target_10_2_0_1155/qnx6/armle-v7/usr/lib/qt4/lib -LC:/bbndk/target_10_2_0_1155/qnx6//usr/lib/qt4/lib -lbbdata -lbbdevice -lbbsystem -lbbplatform -lbbcascadesadvertisement -lbbcascades -lQtDeclarative -lQtScript -lQtSvg -lQtSql -lsqlite3 -lz -lQtXmlPatterns -lQtGui -lQtNetwork -lsocket -lQtCore -lm -lbps 
make[2]: Leaving directory `C:/Users/DNShark/Documents/SnapBudget/mainapp/ListTest/arm'
make[1]: Leaving directory `C:/Users/DNShark/Documents/SnapBudget/mainapp/ListTest/arm'
11:09:56 **** Incremental Build of configuration Device-Debug for project ListTest ****
make -j4 Device-Debug 
make -C .//translations -f Makefile update
make[1]: Entering directory `C:/Users/DNShark/Documents/SnapBudget/mainapp/ListTest/translations'
C:/bbndk/host_10_2_0_15/win32/x86/usr/bin/lupdate ListTest.pro
C:/Users/DNShark/Documents/SnapBudget/mainapp/ListTest/assets/js/graph.js:74: 
Updating 'ListTest.ts'...
    Found 6 source text(s) (0 new and 6 already existing)
make[1]: Leaving directory `C:/Users/DNShark/Documents/SnapBudget/mainapp/ListTest/translations'
make -C .//translations -f Makefile release
make[1]: Entering directory `C:/Users/DNShark/Documents/SnapBudget/mainapp/ListTest/translations'
C:/bbndk/host_10_2_0_15/win32/x86/usr/bin/lrelease ListTest.pro
Updating 'C:/Users/DNShark/Documents/SnapBudget/mainapp/ListTest/translations/ListTest.qm'...
    Generated 0 translation(s) (0 finished and 0 unfinished)
    Ignored 6 untranslated source text(s)
make[1]: Leaving directory `C:/Users/DNShark/Documents/SnapBudget/mainapp/ListTest/translations'
make -C ./arm -f Makefile debug
make[1]: Entering directory `C:/Users/DNShark/Documents/SnapBudget/mainapp/ListTest/arm'
make -f Makefile.Debug
make[2]: Entering directory `C:/Users/DNShark/Documents/SnapBudget/mainapp/ListTest/arm'
make[2]: Nothing to be done for `first'.
make[2]: Leaving directory `C:/Users/DNShark/Documents/SnapBudget/mainapp/ListTest/arm'
make[1]: Leaving directory `C:/Users/DNShark/Documents/SnapBudget/mainapp/ListTest/arm'
20:15:29 **** Incremental Build of configuration Device-Debug for project ListTest ****
make -j4 Device-Debug 
make -C .//translations -f Makefile update
make[1]: Entering directory `C:/Users/DNShark/Documents/SnapBudget/mainapp/ListTest/translations'
C:/bbndk/host_10_2_0_15/win32/x86/usr/bin/lupdate ListTest.pro
C:/Users/DNShark/Documents/SnapBudget/mainapp/ListTest/assets/js/graph.js:74: 
Updating 'ListTest.ts'...
    Found 6 source text(s) (0 new and 6 already existing)
make[1]: Leaving directory `C:/Users/DNShark/Documents/SnapBudget/mainapp/ListTest/translations'
make -C .//translations -f Makefile release
make[1]: Entering directory `C:/Users/DNShark/Documents/SnapBudget/mainapp/ListTest/translations'
C:/bbndk/host_10_2_0_15/win32/x86/usr/bin/lrelease ListTest.pro
Updating 'C:/Users/DNShark/Documents/SnapBudget/mainapp/ListTest/translations/ListTest.qm'...
    Generated 0 translation(s) (0 finished and 0 unfinished)
    Ignored 6 untranslated source text(s)
make[1]: Leaving directory `C:/Users/DNShark/Documents/SnapBudget/mainapp/ListTest/translations'
make -C ./arm -f Makefile debug
make[1]: Entering directory `C:/Users/DNShark/Documents/SnapBudget/mainapp/ListTest/arm'
make -f Makefile.Debug
make[2]: Entering directory `C:/Users/DNShark/Documents/SnapBudget/mainapp/ListTest/arm'
make[2]: Nothing to be done for `first'.
make[2]: Leaving directory `C:/Users/DNShark/Documents/SnapBudget/mainapp/ListTest/arm'
make[1]: Leaving directory `C:/Users/DNShark/Documents/SnapBudget/mainapp/ListTest/arm'
20:15:58 **** Incremental Build of configuration Device-Debug for project ListTest ****
make -j4 Device-Debug 
make -C .//translations -f Makefile update
make[1]: Entering directory `C:/Users/DNShark/Documents/SnapBudget/mainapp/ListTest/translations'
C:/bbndk/host_10_2_0_15/win32/x86/usr/bin/lupdate ListTest.pro
C:/Users/DNShark/Documents/SnapBudget/mainapp/ListTest/assets/js/graph.js:74: 
Updating 'ListTest.ts'...
    Found 6 source text(s) (0 new and 6 already existing)
make[1]: Leaving directory `C:/Users/DNShark/Documents/SnapBudget/mainapp/ListTest/translations'
make -C .//translations -f Makefile release
make[1]: Entering directory `C:/Users/DNShark/Documents/SnapBudget/mainapp/ListTest/translations'
C:/bbndk/host_10_2_0_15/win32/x86/usr/bin/lrelease ListTest.pro
Updating 'C:/Users/DNShark/Documents/SnapBudget/mainapp/ListTest/translations/ListTest.qm'...
    Generated 0 translation(s) (0 finished and 0 unfinished)
    Ignored 6 untranslated source text(s)
make[1]: Leaving directory `C:/Users/DNShark/Documents/SnapBudget/mainapp/ListTest/translations'
make -C ./arm -f Makefile debug
make[1]: Entering directory `C:/Users/DNShark/Documents/SnapBudget/mainapp/ListTest/arm'
make -f Makefile.Debug
make[2]: Entering directory `C:/Users/DNShark/Documents/SnapBudget/mainapp/ListTest/arm'
make[2]: Nothing to be done for `first'.
make[2]: Leaving directory `C:/Users/DNShark/Documents/SnapBudget/mainapp/ListTest/arm'
make[1]: Leaving directory `C:/Users/DNShark/Documents/SnapBudget/mainapp/ListTest/arm'
22:09:59 **** Incremental Build of configuration Device-Debug for project ListTest ****
make -j4 Device-Debug 
make -C .//translations -f Makefile update
make[1]: Entering directory `C:/Users/DNShark/Documents/SnapBudget/mainapp/ListTest/translations'
C:/bbndk/host_10_2_0_15/win32/x86/usr/bin/lupdate ListTest.pro
C:/Users/DNShark/Documents/SnapBudget/mainapp/ListTest/assets/js/graph.js:74: 
Updating 'ListTest.ts'...
    Found 6 source text(s) (0 new and 6 already existing)
make[1]: Leaving directory `C:/Users/DNShark/Documents/SnapBudget/mainapp/ListTest/translations'
make -C .//translations -f Makefile release
make[1]: Entering directory `C:/Users/DNShark/Documents/SnapBudget/mainapp/ListTest/translations'
C:/bbndk/host_10_2_0_15/win32/x86/usr/bin/lrelease ListTest.pro
Updating 'C:/Users/DNShark/Documents/SnapBudget/mainapp/ListTest/translations/ListTest.qm'...
    Generated 0 translation(s) (0 finished and 0 unfinished)
    Ignored 6 untranslated source text(s)
make[1]: Leaving directory `C:/Users/DNShark/Documents/SnapBudget/mainapp/ListTest/translations'
make -C ./arm -f Makefile debug
make[1]: Entering directory `C:/Users/DNShark/Documents/SnapBudget/mainapp/ListTest/arm'
make -f Makefile.Debug
make[2]: Entering directory `C:/Users/DNShark/Documents/SnapBudget/mainapp/ListTest/arm'
make[2]: Nothing to be done for `first'.
make[2]: Leaving directory `C:/Users/DNShark/Documents/SnapBudget/mainapp/ListTest/arm'
make[1]: Leaving directory `C:/Users/DNShark/Documents/SnapBudget/mainapp/ListTest/arm'
22:28:09 **** Incremental Build of configuration Device-Debug for project ListTest ****
make -j4 Device-Debug 
make -C .//translations -f Makefile update
make[1]: Entering directory `C:/Users/DNShark/Documents/SnapBudget/mainapp/ListTest/translations'
C:/bbndk/host_10_2_0_15/win32/x86/usr/bin/lupdate ListTest.pro
C:/Users/DNShark/Documents/SnapBudget/mainapp/ListTest/assets/js/graph.js:74: 
Updating 'ListTest.ts'...
    Found 6 source text(s) (0 new and 6 already existing)
make[1]: Leaving directory `C:/Users/DNShark/Documents/SnapBudget/mainapp/ListTest/translations'
make -C .//translations -f Makefile release
make[1]: Entering directory `C:/Users/DNShark/Documents/SnapBudget/mainapp/ListTest/translations'
C:/bbndk/host_10_2_0_15/win32/x86/usr/bin/lrelease ListTest.pro
Updating 'C:/Users/DNShark/Documents/SnapBudget/mainapp/ListTest/translations/ListTest.qm'...
    Generated 0 translation(s) (0 finished and 0 unfinished)
    Ignored 6 untranslated source text(s)
make[1]: Leaving directory `C:/Users/DNShark/Documents/SnapBudget/mainapp/ListTest/translations'
make -C ./arm -f Makefile debug
make[1]: Entering directory `C:/Users/DNShark/Documents/SnapBudget/mainapp/ListTest/arm'
make -f Makefile.Debug
make[2]: Entering directory `C:/Users/DNShark/Documents/SnapBudget/mainapp/ListTest/arm'
qcc -Vgcc_ntoarmv7le -c -Wc,-include -Wc,o.le-v7-g/.obj/ListTest -Wno-psabi -lang-c++ -fstack-protector -fstack-protector-all -mcpu=cortex-a9 -g -Wno-psabi -Wall -W -D_REENTRANT -DQT_NO_IMPORT_QT47_QML -DQ_OS_BLACKBERRY -DQT_DECLARATIVE_DEBUG -DQT_DECLARATIVE_LIB -DQT_CORE_LIB -DQT_SHARED -Ic:/bbndk/target_10_2_0_1155/qnx6/usr/share/qt4/mkspecs/blackberry-armv7le-qcc -I../../ListTest -Ic:/bbndk/target_10_2_0_1155/qnx6/usr/include/qt4/QtCore -Ic:/bbndk/target_10_2_0_1155/qnx6/usr/include/qt4/QtDeclarative -Ic:/bbndk/target_10_2_0_1155/qnx6/usr/include/qt4 -I../src -Io.le-v7-g/.moc -Ic:/bbndk/target_10_2_0_1155/qnx6/usr/include -Ic:/bbndk/target_10_2_0_1155/qnx6/usr/include/freetype2 -I. -o o.le-v7-g/.obj/ListTest.o ../src/ListTest.cpp
../src/ListTest.cpp: In member function 'void ListTest::newPeriod(QString)':
../src/ListTest.cpp:836:8: warning: variable 'newStartDate' set but not used [-Wunused-but-set-variable]
../src/ListTest.cpp: At global scope:
../src/ListTest.cpp:1421:6: warning: unused parameter 'keyPressed' [-Wunused-parameter]
qcc -Vgcc_ntoarmv7le -lang-c++ -Wl,-rpath-link,C:/bbndk/target_10_2_0_1155/qnx6/armle-v7/lib -Wl,-rpath-link,C:/bbndk/target_10_2_0_1155/qnx6/armle-v7/usr/lib -Wl,-rpath-link,C:/bbndk/target_10_2_0_1155/qnx6/armle-v7/usr/lib/qt4/lib -o o.le-v7-g/ListTest o.le-v7-g/.obj/ListTest.o o.le-v7-g/.obj/applicationui.o o.le-v7-g/.obj/main.o o.le-v7-g/.obj/moc_ListTest.o o.le-v7-g/.obj/moc_applicationui.o    -LC:/bbndk/target_10_2_0_1155/qnx6/armle-v7/lib -LC:/bbndk/target_10_2_0_1155/qnx6/armle-v7/usr/lib -LC:/bbndk/target_10_2_0_1155/qnx6/armle-v7/usr/lib/qt4/lib -LC:/bbndk/target_10_2_0_1155/qnx6//usr/lib/qt4/lib -lbbdata -lbbdevice -lbbsystem -lbbplatform -lbbcascadesadvertisement -lbbcascades -lQtDeclarative -lQtScript -lQtSvg -lQtSql -lsqlite3 -lz -lQtXmlPatterns -lQtGui -lQtNetwork -lsocket -lQtCore -lm -lbps 
make[2]: Leaving directory `C:/Users/DNShark/Documents/SnapBudget/mainapp/ListTest/arm'
make[1]: Leaving directory `C:/Users/DNShark/Documents/SnapBudget/mainapp/ListTest/arm'
22:36:11 **** Incremental Build of configuration Device-Debug for project ListTest ****
make -j4 Device-Debug 
make -C .//translations -f Makefile update
make[1]: Entering directory `C:/Users/DNShark/Documents/SnapBudget/mainapp/ListTest/translations'
C:/bbndk/host_10_2_0_15/win32/x86/usr/bin/lupdate ListTest.pro
C:/Users/DNShark/Documents/SnapBudget/mainapp/ListTest/assets/js/graph.js:74: 
Updating 'ListTest.ts'...
    Found 6 source text(s) (0 new and 6 already existing)
make[1]: Leaving directory `C:/Users/DNShark/Documents/SnapBudget/mainapp/ListTest/translations'
make -C .//translations -f Makefile release
make[1]: Entering directory `C:/Users/DNShark/Documents/SnapBudget/mainapp/ListTest/translations'
C:/bbndk/host_10_2_0_15/win32/x86/usr/bin/lrelease ListTest.pro
Updating 'C:/Users/DNShark/Documents/SnapBudget/mainapp/ListTest/translations/ListTest.qm'...
    Generated 0 translation(s) (0 finished and 0 unfinished)
    Ignored 6 untranslated source text(s)
make[1]: Leaving directory `C:/Users/DNShark/Documents/SnapBudget/mainapp/ListTest/translations'
make -C ./arm -f Makefile debug
make[1]: Entering directory `C:/Users/DNShark/Documents/SnapBudget/mainapp/ListTest/arm'
make -f Makefile.Debug
make[2]: Entering directory `C:/Users/DNShark/Documents/SnapBudget/mainapp/ListTest/arm'
make[2]: Nothing to be done for `first'.
make[2]: Leaving directory `C:/Users/DNShark/Documents/SnapBudget/mainapp/ListTest/arm'
make[1]: Leaving directory `C:/Users/DNShark/Documents/SnapBudget/mainapp/ListTest/arm'
00:26:43 **** Incremental Build of configuration Device-Debug for project ListTest ****
make -j4 Device-Debug 
make -C .//translations -f Makefile update
make[1]: Entering directory `C:/Users/DNShark/Documents/SnapBudget/mainapp/ListTest/translations'
C:/bbndk/host_10_2_0_15/win32/x86/usr/bin/lupdate ListTest.pro
C:/Users/DNShark/Documents/SnapBudget/mainapp/ListTest/assets/js/graph.js:74: 
Updating 'ListTest.ts'...
    Found 6 source text(s) (0 new and 6 already existing)
make[1]: Leaving directory `C:/Users/DNShark/Documents/SnapBudget/mainapp/ListTest/translations'
make -C .//translations -f Makefile release
make[1]: Entering directory `C:/Users/DNShark/Documents/SnapBudget/mainapp/ListTest/translations'
C:/bbndk/host_10_2_0_15/win32/x86/usr/bin/lrelease ListTest.pro
Updating 'C:/Users/DNShark/Documents/SnapBudget/mainapp/ListTest/translations/ListTest.qm'...
    Generated 0 translation(s) (0 finished and 0 unfinished)
    Ignored 6 untranslated source text(s)
make[1]: Leaving directory `C:/Users/DNShark/Documents/SnapBudget/mainapp/ListTest/translations'
make -C ./arm -f Makefile debug
make[1]: Entering directory `C:/Users/DNShark/Documents/SnapBudget/mainapp/ListTest/arm'
make -f Makefile.Debug
make[2]: Entering directory `C:/Users/DNShark/Documents/SnapBudget/mainapp/ListTest/arm'
make[2]: Nothing to be done for `first'.
make[2]: Leaving directory `C:/Users/DNShark/Documents/SnapBudget/mainapp/ListTest/arm'
make[1]: Leaving directory `C:/Users/DNShark/Documents/SnapBudget/mainapp/ListTest/arm'
00:28:35 **** Incremental Build of configuration Device-Debug for project ListTest ****
make -j4 Device-Debug 
make -C .//translations -f Makefile update
make[1]: Entering directory `C:/Users/DNShark/Documents/SnapBudget/mainapp/ListTest/translations'
C:/bbndk/host_10_2_0_15/win32/x86/usr/bin/lupdate ListTest.pro
C:/Users/DNShark/Documents/SnapBudget/mainapp/ListTest/assets/js/graph.js:74: 
Updating 'ListTest.ts'...
    Found 6 source text(s) (0 new and 6 already existing)
make[1]: Leaving directory `C:/Users/DNShark/Documents/SnapBudget/mainapp/ListTest/translations'
make -C .//translations -f Makefile release
make[1]: Entering directory `C:/Users/DNShark/Documents/SnapBudget/mainapp/ListTest/translations'
C:/bbndk/host_10_2_0_15/win32/x86/usr/bin/lrelease ListTest.pro
Updating 'C:/Users/DNShark/Documents/SnapBudget/mainapp/ListTest/translations/ListTest.qm'...
    Generated 0 translation(s) (0 finished and 0 unfinished)
    Ignored 6 untranslated source text(s)
make[1]: Leaving directory `C:/Users/DNShark/Documents/SnapBudget/mainapp/ListTest/translations'
make -C ./arm -f Makefile debug
make[1]: Entering directory `C:/Users/DNShark/Documents/SnapBudget/mainapp/ListTest/arm'
make -f Makefile.Debug
make[2]: Entering directory `C:/Users/DNShark/Documents/SnapBudget/mainapp/ListTest/arm'
make[2]: Nothing to be done for `first'.
make[2]: Leaving directory `C:/Users/DNShark/Documents/SnapBudget/mainapp/ListTest/arm'
make[1]: Leaving directory `C:/Users/DNShark/Documents/SnapBudget/mainapp/ListTest/arm'
00:46:26 **** Incremental Build of configuration Device-Debug for project ListTest ****
make -j4 Device-Debug 
make -C .//translations -f Makefile update
make[1]: Entering directory `C:/Users/DNShark/Documents/SnapBudget/mainapp/ListTest/translations'
C:/bbndk/host_10_2_0_15/win32/x86/usr/bin/lupdate ListTest.pro
C:/Users/DNShark/Documents/SnapBudget/mainapp/ListTest/assets/js/graph.js:74: 
Updating 'ListTest.ts'...
    Found 6 source text(s) (0 new and 6 already existing)
make[1]: Leaving directory `C:/Users/DNShark/Documents/SnapBudget/mainapp/ListTest/translations'
make -C .//translations -f Makefile release
make[1]: Entering directory `C:/Users/DNShark/Documents/SnapBudget/mainapp/ListTest/translations'
C:/bbndk/host_10_2_0_15/win32/x86/usr/bin/lrelease ListTest.pro
Updating 'C:/Users/DNShark/Documents/SnapBudget/mainapp/ListTest/translations/ListTest.qm'...
    Generated 0 translation(s) (0 finished and 0 unfinished)
    Ignored 6 untranslated source text(s)
make[1]: Leaving directory `C:/Users/DNShark/Documents/SnapBudget/mainapp/ListTest/translations'
make -C ./arm -f Makefile debug
make[1]: Entering directory `C:/Users/DNShark/Documents/SnapBudget/mainapp/ListTest/arm'
make -f Makefile.Debug
make[2]: Entering directory `C:/Users/DNShark/Documents/SnapBudget/mainapp/ListTest/arm'
qcc -Vgcc_ntoarmv7le -c -Wc,-include -Wc,o.le-v7-g/.obj/ListTest -Wno-psabi -lang-c++ -fstack-protector -fstack-protector-all -mcpu=cortex-a9 -g -Wno-psabi -Wall -W -D_REENTRANT -DQT_NO_IMPORT_QT47_QML -DQ_OS_BLACKBERRY -DQT_DECLARATIVE_DEBUG -DQT_DECLARATIVE_LIB -DQT_CORE_LIB -DQT_SHARED -Ic:/bbndk/target_10_2_0_1155/qnx6/usr/share/qt4/mkspecs/blackberry-armv7le-qcc -I../../ListTest -Ic:/bbndk/target_10_2_0_1155/qnx6/usr/include/qt4/QtCore -Ic:/bbndk/target_10_2_0_1155/qnx6/usr/include/qt4/QtDeclarative -Ic:/bbndk/target_10_2_0_1155/qnx6/usr/include/qt4 -I../src -Io.le-v7-g/.moc -Ic:/bbndk/target_10_2_0_1155/qnx6/usr/include -Ic:/bbndk/target_10_2_0_1155/qnx6/usr/include/freetype2 -I. -o o.le-v7-g/.obj/ListTest.o ../src/ListTest.cpp
../src/ListTest.cpp: In member function 'void ListTest::newPeriod(QString)':
../src/ListTest.cpp:836:8: warning: variable 'newStartDate' set but not used [-Wunused-but-set-variable]
../src/ListTest.cpp: At global scope:
../src/ListTest.cpp:1421:6: warning: unused parameter 'keyPressed' [-Wunused-parameter]
qcc -Vgcc_ntoarmv7le -lang-c++ -Wl,-rpath-link,C:/bbndk/target_10_2_0_1155/qnx6/armle-v7/lib -Wl,-rpath-link,C:/bbndk/target_10_2_0_1155/qnx6/armle-v7/usr/lib -Wl,-rpath-link,C:/bbndk/target_10_2_0_1155/qnx6/armle-v7/usr/lib/qt4/lib -o o.le-v7-g/ListTest o.le-v7-g/.obj/ListTest.o o.le-v7-g/.obj/applicationui.o o.le-v7-g/.obj/main.o o.le-v7-g/.obj/moc_ListTest.o o.le-v7-g/.obj/moc_applicationui.o    -LC:/bbndk/target_10_2_0_1155/qnx6/armle-v7/lib -LC:/bbndk/target_10_2_0_1155/qnx6/armle-v7/usr/lib -LC:/bbndk/target_10_2_0_1155/qnx6/armle-v7/usr/lib/qt4/lib -LC:/bbndk/target_10_2_0_1155/qnx6//usr/lib/qt4/lib -lbbdata -lbbdevice -lbbsystem -lbbplatform -lbbcascadesadvertisement -lbbcascades -lQtDeclarative -lQtScript -lQtSvg -lQtSql -lsqlite3 -lz -lQtXmlPatterns -lQtGui -lQtNetwork -lsocket -lQtCore -lm -lbps 
make[2]: Leaving directory `C:/Users/DNShark/Documents/SnapBudget/mainapp/ListTest/arm'
make[1]: Leaving directory `C:/Users/DNShark/Documents/SnapBudget/mainapp/ListTest/arm'
00:47:59 **** Incremental Build of configuration Device-Debug for project ListTest ****
make -j4 Device-Debug 
make -C .//translations -f Makefile update
make[1]: Entering directory `C:/Users/DNShark/Documents/SnapBudget/mainapp/ListTest/translations'
C:/bbndk/host_10_2_0_15/win32/x86/usr/bin/lupdate ListTest.pro
C:/Users/DNShark/Documents/SnapBudget/mainapp/ListTest/assets/js/graph.js:74: 
Updating 'ListTest.ts'...
    Found 6 source text(s) (0 new and 6 already existing)
make[1]: Leaving directory `C:/Users/DNShark/Documents/SnapBudget/mainapp/ListTest/translations'
make -C .//translations -f Makefile release
make[1]: Entering directory `C:/Users/DNShark/Documents/SnapBudget/mainapp/ListTest/translations'
C:/bbndk/host_10_2_0_15/win32/x86/usr/bin/lrelease ListTest.pro
Updating 'C:/Users/DNShark/Documents/SnapBudget/mainapp/ListTest/translations/ListTest.qm'...
    Generated 0 translation(s) (0 finished and 0 unfinished)
    Ignored 6 untranslated source text(s)
make[1]: Leaving directory `C:/Users/DNShark/Documents/SnapBudget/mainapp/ListTest/translations'
make -C ./arm -f Makefile debug
make[1]: Entering directory `C:/Users/DNShark/Documents/SnapBudget/mainapp/ListTest/arm'
make -f Makefile.Debug
make[2]: Entering directory `C:/Users/DNShark/Documents/SnapBudget/mainapp/ListTest/arm'
make[2]: Nothing to be done for `first'.
make[2]: Leaving directory `C:/Users/DNShark/Documents/SnapBudget/mainapp/ListTest/arm'
make[1]: Leaving directory `C:/Users/DNShark/Documents/SnapBudget/mainapp/ListTest/arm'
00:53:25 **** Incremental Build of configuration Device-Debug for project ListTest ****
make -j4 Device-Debug 
make -C .//translations -f Makefile update
make[1]: Entering directory `C:/Users/DNShark/Documents/SnapBudget/mainapp/ListTest/translations'
C:/bbndk/host_10_2_0_15/win32/x86/usr/bin/lupdate ListTest.pro
C:/Users/DNShark/Documents/SnapBudget/mainapp/ListTest/assets/js/graph.js:74: 
Updating 'ListTest.ts'...
    Found 6 source text(s) (0 new and 6 already existing)
make[1]: Leaving directory `C:/Users/DNShark/Documents/SnapBudget/mainapp/ListTest/translations'
make -C .//translations -f Makefile release
make[1]: Entering directory `C:/Users/DNShark/Documents/SnapBudget/mainapp/ListTest/translations'
C:/bbndk/host_10_2_0_15/win32/x86/usr/bin/lrelease ListTest.pro
Updating 'C:/Users/DNShark/Documents/SnapBudget/mainapp/ListTest/translations/ListTest.qm'...
    Generated 0 translation(s) (0 finished and 0 unfinished)
    Ignored 6 untranslated source text(s)
make[1]: Leaving directory `C:/Users/DNShark/Documents/SnapBudget/mainapp/ListTest/translations'
make -C ./arm -f Makefile debug
make[1]: Entering directory `C:/Users/DNShark/Documents/SnapBudget/mainapp/ListTest/arm'
make -f Makefile.Debug
make[2]: Entering directory `C:/Users/DNShark/Documents/SnapBudget/mainapp/ListTest/arm'
make[2]: Nothing to be done for `first'.
make[2]: Leaving directory `C:/Users/DNShark/Documents/SnapBudget/mainapp/ListTest/arm'
make[1]: Leaving directory `C:/Users/DNShark/Documents/SnapBudget/mainapp/ListTest/arm'
01:07:27 **** Incremental Build of configuration Device-Debug for project ListTest ****
make -j4 Device-Debug 
make -C .//translations -f Makefile update
make[1]: Entering directory `C:/Users/DNShark/Documents/SnapBudget/mainapp/ListTest/translations'
C:/bbndk/host_10_2_0_15/win32/x86/usr/bin/lupdate ListTest.pro
C:/Users/DNShark/Documents/SnapBudget/mainapp/ListTest/assets/js/graph.js:74: 
Updating 'ListTest.ts'...
    Found 6 source text(s) (0 new and 6 already existing)
make[1]: Leaving directory `C:/Users/DNShark/Documents/SnapBudget/mainapp/ListTest/translations'
make -C .//translations -f Makefile release
make[1]: Entering directory `C:/Users/DNShark/Documents/SnapBudget/mainapp/ListTest/translations'
C:/bbndk/host_10_2_0_15/win32/x86/usr/bin/lrelease ListTest.pro
Updating 'C:/Users/DNShark/Documents/SnapBudget/mainapp/ListTest/translations/ListTest.qm'...
    Generated 0 translation(s) (0 finished and 0 unfinished)
    Ignored 6 untranslated source text(s)
make[1]: Leaving directory `C:/Users/DNShark/Documents/SnapBudget/mainapp/ListTest/translations'
make -C ./arm -f Makefile debug
make[1]: Entering directory `C:/Users/DNShark/Documents/SnapBudget/mainapp/ListTest/arm'
make -f Makefile.Debug
make[2]: Entering directory `C:/Users/DNShark/Documents/SnapBudget/mainapp/ListTest/arm'
qcc -Vgcc_ntoarmv7le -c -Wc,-include -Wc,o.le-v7-g/.obj/ListTest -Wno-psabi -lang-c++ -fstack-protector -fstack-protector-all -mcpu=cortex-a9 -g -Wno-psabi -Wall -W -D_REENTRANT -DQT_NO_IMPORT_QT47_QML -DQ_OS_BLACKBERRY -DQT_DECLARATIVE_DEBUG -DQT_DECLARATIVE_LIB -DQT_CORE_LIB -DQT_SHARED -Ic:/bbndk/target_10_2_0_1155/qnx6/usr/share/qt4/mkspecs/blackberry-armv7le-qcc -I../../ListTest -Ic:/bbndk/target_10_2_0_1155/qnx6/usr/include/qt4/QtCore -Ic:/bbndk/target_10_2_0_1155/qnx6/usr/include/qt4/QtDeclarative -Ic:/bbndk/target_10_2_0_1155/qnx6/usr/include/qt4 -I../src -Io.le-v7-g/.moc -Ic:/bbndk/target_10_2_0_1155/qnx6/usr/include -Ic:/bbndk/target_10_2_0_1155/qnx6/usr/include/freetype2 -I. -o o.le-v7-g/.obj/ListTest.o ../src/ListTest.cpp
../src/ListTest.cpp: In member function 'void ListTest::newPeriod(QString)':
../src/ListTest.cpp:836:8: warning: variable 'newStartDate' set but not used [-Wunused-but-set-variable]
../src/ListTest.cpp: At global scope:
../src/ListTest.cpp:1421:6: warning: unused parameter 'keyPressed' [-Wunused-parameter]
qcc -Vgcc_ntoarmv7le -lang-c++ -Wl,-rpath-link,C:/bbndk/target_10_2_0_1155/qnx6/armle-v7/lib -Wl,-rpath-link,C:/bbndk/target_10_2_0_1155/qnx6/armle-v7/usr/lib -Wl,-rpath-link,C:/bbndk/target_10_2_0_1155/qnx6/armle-v7/usr/lib/qt4/lib -o o.le-v7-g/ListTest o.le-v7-g/.obj/ListTest.o o.le-v7-g/.obj/applicationui.o o.le-v7-g/.obj/main.o o.le-v7-g/.obj/moc_ListTest.o o.le-v7-g/.obj/moc_applicationui.o    -LC:/bbndk/target_10_2_0_1155/qnx6/armle-v7/lib -LC:/bbndk/target_10_2_0_1155/qnx6/armle-v7/usr/lib -LC:/bbndk/target_10_2_0_1155/qnx6/armle-v7/usr/lib/qt4/lib -LC:/bbndk/target_10_2_0_1155/qnx6//usr/lib/qt4/lib -lbbdata -lbbdevice -lbbsystem -lbbplatform -lbbcascadesadvertisement -lbbcascades -lQtDeclarative -lQtScript -lQtSvg -lQtSql -lsqlite3 -lz -lQtXmlPatterns -lQtGui -lQtNetwork -lsocket -lQtCore -lm -lbps 
make[2]: Leaving directory `C:/Users/DNShark/Documents/SnapBudget/mainapp/ListTest/arm'
make[1]: Leaving directory `C:/Users/DNShark/Documents/SnapBudget/mainapp/ListTest/arm'
01:14:09 **** Incremental Build of configuration Device-Debug for project ListTest ****
make -j4 Device-Debug 
make -C .//translations -f Makefile update
make[1]: Entering directory `C:/Users/DNShark/Documents/SnapBudget/mainapp/ListTest/translations'
C:/bbndk/host_10_2_0_15/win32/x86/usr/bin/lupdate ListTest.pro
C:/Users/DNShark/Documents/SnapBudget/mainapp/ListTest/assets/js/graph.js:74: 
Updating 'ListTest.ts'...
    Found 6 source text(s) (0 new and 6 already existing)
make[1]: Leaving directory `C:/Users/DNShark/Documents/SnapBudget/mainapp/ListTest/translations'
make -C .//translations -f Makefile release
make[1]: Entering directory `C:/Users/DNShark/Documents/SnapBudget/mainapp/ListTest/translations'
C:/bbndk/host_10_2_0_15/win32/x86/usr/bin/lrelease ListTest.pro
Updating 'C:/Users/DNShark/Documents/SnapBudget/mainapp/ListTest/translations/ListTest.qm'...
    Generated 0 translation(s) (0 finished and 0 unfinished)
    Ignored 6 untranslated source text(s)
make[1]: Leaving directory `C:/Users/DNShark/Documents/SnapBudget/mainapp/ListTest/translations'
make -C ./arm -f Makefile debug
make[1]: Entering directory `C:/Users/DNShark/Documents/SnapBudget/mainapp/ListTest/arm'
make -f Makefile.Debug
make[2]: Entering directory `C:/Users/DNShark/Documents/SnapBudget/mainapp/ListTest/arm'
qcc -Vgcc_ntoarmv7le -c -Wc,-include -Wc,o.le-v7-g/.obj/ListTest -Wno-psabi -lang-c++ -fstack-protector -fstack-protector-all -mcpu=cortex-a9 -g -Wno-psabi -Wall -W -D_REENTRANT -DQT_NO_IMPORT_QT47_QML -DQ_OS_BLACKBERRY -DQT_DECLARATIVE_DEBUG -DQT_DECLARATIVE_LIB -DQT_CORE_LIB -DQT_SHARED -Ic:/bbndk/target_10_2_0_1155/qnx6/usr/share/qt4/mkspecs/blackberry-armv7le-qcc -I../../ListTest -Ic:/bbndk/target_10_2_0_1155/qnx6/usr/include/qt4/QtCore -Ic:/bbndk/target_10_2_0_1155/qnx6/usr/include/qt4/QtDeclarative -Ic:/bbndk/target_10_2_0_1155/qnx6/usr/include/qt4 -I../src -Io.le-v7-g/.moc -Ic:/bbndk/target_10_2_0_1155/qnx6/usr/include -Ic:/bbndk/target_10_2_0_1155/qnx6/usr/include/freetype2 -I. -o o.le-v7-g/.obj/ListTest.o ../src/ListTest.cpp
../src/ListTest.cpp: In member function 'void ListTest::newPeriod(QString)':
../src/ListTest.cpp:837:8: warning: variable 'newStartDate' set but not used [-Wunused-but-set-variable]
../src/ListTest.cpp: At global scope:
../src/ListTest.cpp:1422:6: warning: unused parameter 'keyPressed' [-Wunused-parameter]
qcc -Vgcc_ntoarmv7le -lang-c++ -Wl,-rpath-link,C:/bbndk/target_10_2_0_1155/qnx6/armle-v7/lib -Wl,-rpath-link,C:/bbndk/target_10_2_0_1155/qnx6/armle-v7/usr/lib -Wl,-rpath-link,C:/bbndk/target_10_2_0_1155/qnx6/armle-v7/usr/lib/qt4/lib -o o.le-v7-g/ListTest o.le-v7-g/.obj/ListTest.o o.le-v7-g/.obj/applicationui.o o.le-v7-g/.obj/main.o o.le-v7-g/.obj/moc_ListTest.o o.le-v7-g/.obj/moc_applicationui.o    -LC:/bbndk/target_10_2_0_1155/qnx6/armle-v7/lib -LC:/bbndk/target_10_2_0_1155/qnx6/armle-v7/usr/lib -LC:/bbndk/target_10_2_0_1155/qnx6/armle-v7/usr/lib/qt4/lib -LC:/bbndk/target_10_2_0_1155/qnx6//usr/lib/qt4/lib -lbbdata -lbbdevice -lbbsystem -lbbplatform -lbbcascadesadvertisement -lbbcascades -lQtDeclarative -lQtScript -lQtSvg -lQtSql -lsqlite3 -lz -lQtXmlPatterns -lQtGui -lQtNetwork -lsocket -lQtCore -lm -lbps 
make[2]: Leaving directory `C:/Users/DNShark/Documents/SnapBudget/mainapp/ListTest/arm'
make[1]: Leaving directory `C:/Users/DNShark/Documents/SnapBudget/mainapp/ListTest/arm'
10:47:16 **** Incremental Build of configuration Device-Debug for project ListTest ****
make -j4 Device-Debug 
make -C .//translations -f Makefile update
make[1]: Entering directory `C:/Users/DNShark/Documents/SnapBudget/mainapp/ListTest/translations'
C:/bbndk/host_10_2_0_15/win32/x86/usr/bin/lupdate ListTest.pro
C:/Users/DNShark/Documents/SnapBudget/mainapp/ListTest/assets/js/graph.js:74: 
Updating 'ListTest.ts'...
    Found 6 source text(s) (0 new and 6 already existing)
make[1]: Leaving directory `C:/Users/DNShark/Documents/SnapBudget/mainapp/ListTest/translations'
make -C .//translations -f Makefile release
make[1]: Entering directory `C:/Users/DNShark/Documents/SnapBudget/mainapp/ListTest/translations'
C:/bbndk/host_10_2_0_15/win32/x86/usr/bin/lrelease ListTest.pro
Updating 'C:/Users/DNShark/Documents/SnapBudget/mainapp/ListTest/translations/ListTest.qm'...
    Generated 0 translation(s) (0 finished and 0 unfinished)
    Ignored 6 untranslated source text(s)
make[1]: Leaving directory `C:/Users/DNShark/Documents/SnapBudget/mainapp/ListTest/translations'
make -C ./arm -f Makefile debug
make[1]: Entering directory `C:/Users/DNShark/Documents/SnapBudget/mainapp/ListTest/arm'
make -f Makefile.Debug
make[2]: Entering directory `C:/Users/DNShark/Documents/SnapBudget/mainapp/ListTest/arm'
qcc -Vgcc_ntoarmv7le -c -Wc,-include -Wc,o.le-v7-g/.obj/ListTest -Wno-psabi -lang-c++ -fstack-protector -fstack-protector-all -mcpu=cortex-a9 -g -Wno-psabi -Wall -W -D_REENTRANT -DQT_NO_IMPORT_QT47_QML -DQ_OS_BLACKBERRY -DQT_DECLARATIVE_DEBUG -DQT_DECLARATIVE_LIB -DQT_CORE_LIB -DQT_SHARED -Ic:/bbndk/target_10_2_0_1155/qnx6/usr/share/qt4/mkspecs/blackberry-armv7le-qcc -I../../ListTest -Ic:/bbndk/target_10_2_0_1155/qnx6/usr/include/qt4/QtCore -Ic:/bbndk/target_10_2_0_1155/qnx6/usr/include/qt4/QtDeclarative -Ic:/bbndk/target_10_2_0_1155/qnx6/usr/include/qt4 -I../src -Io.le-v7-g/.moc -Ic:/bbndk/target_10_2_0_1155/qnx6/usr/include -Ic:/bbndk/target_10_2_0_1155/qnx6/usr/include/freetype2 -I. -o o.le-v7-g/.obj/ListTest.o ../src/ListTest.cpp
../src/ListTest.cpp: In member function 'void ListTest::newPeriod(QString)':
../src/ListTest.cpp:836:8: warning: variable 'newStartDate' set but not used [-Wunused-but-set-variable]
../src/ListTest.cpp: At global scope:
../src/ListTest.cpp:1421:6: warning: unused parameter 'keyPressed' [-Wunused-parameter]
qcc -Vgcc_ntoarmv7le -lang-c++ -Wl,-rpath-link,C:/bbndk/target_10_2_0_1155/qnx6/armle-v7/lib -Wl,-rpath-link,C:/bbndk/target_10_2_0_1155/qnx6/armle-v7/usr/lib -Wl,-rpath-link,C:/bbndk/target_10_2_0_1155/qnx6/armle-v7/usr/lib/qt4/lib -o o.le-v7-g/ListTest o.le-v7-g/.obj/ListTest.o o.le-v7-g/.obj/applicationui.o o.le-v7-g/.obj/main.o o.le-v7-g/.obj/moc_ListTest.o o.le-v7-g/.obj/moc_applicationui.o    -LC:/bbndk/target_10_2_0_1155/qnx6/armle-v7/lib -LC:/bbndk/target_10_2_0_1155/qnx6/armle-v7/usr/lib -LC:/bbndk/target_10_2_0_1155/qnx6/armle-v7/usr/lib/qt4/lib -LC:/bbndk/target_10_2_0_1155/qnx6//usr/lib/qt4/lib -lbbdata -lbbdevice -lbbsystem -lbbplatform -lbbcascadesadvertisement -lbbcascades -lQtDeclarative -lQtScript -lQtSvg -lQtSql -lsqlite3 -lz -lQtXmlPatterns -lQtGui -lQtNetwork -lsocket -lQtCore -lm -lbps 
make[2]: Leaving directory `C:/Users/DNShark/Documents/SnapBudget/mainapp/ListTest/arm'
make[1]: Leaving directory `C:/Users/DNShark/Documents/SnapBudget/mainapp/ListTest/arm'
10:48:24 **** Incremental Build of configuration Device-Debug for project ListTest ****
make -j4 Device-Debug 
make -C .//translations -f Makefile update
make[1]: Entering directory `C:/Users/DNShark/Documents/SnapBudget/mainapp/ListTest/translations'
C:/bbndk/host_10_2_0_15/win32/x86/usr/bin/lupdate ListTest.pro
C:/Users/DNShark/Documents/SnapBudget/mainapp/ListTest/assets/js/graph.js:74: 
Updating 'ListTest.ts'...
    Found 6 source text(s) (0 new and 6 already existing)
make[1]: Leaving directory `C:/Users/DNShark/Documents/SnapBudget/mainapp/ListTest/translations'
make -C .//translations -f Makefile release
make[1]: Entering directory `C:/Users/DNShark/Documents/SnapBudget/mainapp/ListTest/translations'
C:/bbndk/host_10_2_0_15/win32/x86/usr/bin/lrelease ListTest.pro
Updating 'C:/Users/DNShark/Documents/SnapBudget/mainapp/ListTest/translations/ListTest.qm'...
    Generated 0 translation(s) (0 finished and 0 unfinished)
    Ignored 6 untranslated source text(s)
make[1]: Leaving directory `C:/Users/DNShark/Documents/SnapBudget/mainapp/ListTest/translations'
make -C ./arm -f Makefile debug
make[1]: Entering directory `C:/Users/DNShark/Documents/SnapBudget/mainapp/ListTest/arm'
make -f Makefile.Debug
make[2]: Entering directory `C:/Users/DNShark/Documents/SnapBudget/mainapp/ListTest/arm'
make[2]: Nothing to be done for `first'.
make[2]: Leaving directory `C:/Users/DNShark/Documents/SnapBudget/mainapp/ListTest/arm'
make[1]: Leaving directory `C:/Users/DNShark/Documents/SnapBudget/mainapp/ListTest/arm'
12:14:30 **** Incremental Build of configuration Device-Debug for project ListTest ****
make -j4 Device-Debug 
make -C .//translations -f Makefile update
make[1]: Entering directory `C:/Users/DNShark/Documents/SnapBudget/mainapp/ListTest/translations'
C:/bbndk/host_10_2_0_15/win32/x86/usr/bin/lupdate ListTest.pro
C:/Users/DNShark/Documents/SnapBudget/mainapp/ListTest/assets/js/graph.js:74: 
Updating 'ListTest.ts'...
    Found 6 source text(s) (0 new and 6 already existing)
make[1]: Leaving directory `C:/Users/DNShark/Documents/SnapBudget/mainapp/ListTest/translations'
make -C .//translations -f Makefile release
make[1]: Entering directory `C:/Users/DNShark/Documents/SnapBudget/mainapp/ListTest/translations'
C:/bbndk/host_10_2_0_15/win32/x86/usr/bin/lrelease ListTest.pro
Updating 'C:/Users/DNShark/Documents/SnapBudget/mainapp/ListTest/translations/ListTest.qm'...
    Generated 0 translation(s) (0 finished and 0 unfinished)
    Ignored 6 untranslated source text(s)
make[1]: Leaving directory `C:/Users/DNShark/Documents/SnapBudget/mainapp/ListTest/translations'
make -C ./arm -f Makefile debug
make[1]: Entering directory `C:/Users/DNShark/Documents/SnapBudget/mainapp/ListTest/arm'
make -f Makefile.Debug
make[2]: Entering directory `C:/Users/DNShark/Documents/SnapBudget/mainapp/ListTest/arm'
qcc -Vgcc_ntoarmv7le -c -Wc,-include -Wc,o.le-v7-g/.obj/ListTest -Wno-psabi -lang-c++ -fstack-protector -fstack-protector-all -mcpu=cortex-a9 -g -Wno-psabi -Wall -W -D_REENTRANT -DQT_NO_IMPORT_QT47_QML -DQ_OS_BLACKBERRY -DQT_DECLARATIVE_DEBUG -DQT_DECLARATIVE_LIB -DQT_CORE_LIB -DQT_SHARED -Ic:/bbndk/target_10_2_0_1155/qnx6/usr/share/qt4/mkspecs/blackberry-armv7le-qcc -I../../ListTest -Ic:/bbndk/target_10_2_0_1155/qnx6/usr/include/qt4/QtCore -Ic:/bbndk/target_10_2_0_1155/qnx6/usr/include/qt4/QtDeclarative -Ic:/bbndk/target_10_2_0_1155/qnx6/usr/include/qt4 -I../src -Io.le-v7-g/.moc -Ic:/bbndk/target_10_2_0_1155/qnx6/usr/include -Ic:/bbndk/target_10_2_0_1155/qnx6/usr/include/freetype2 -I. -o o.le-v7-g/.obj/ListTest.o ../src/ListTest.cpp
../src/ListTest.cpp: In member function 'void ListTest::newPeriod(QString)':
../src/ListTest.cpp:836:8: warning: variable 'newStartDate' set but not used [-Wunused-but-set-variable]
../src/ListTest.cpp: At global scope:
../src/ListTest.cpp:1422:6: warning: unused parameter 'keyPressed' [-Wunused-parameter]
qcc -Vgcc_ntoarmv7le -lang-c++ -Wl,-rpath-link,C:/bbndk/target_10_2_0_1155/qnx6/armle-v7/lib -Wl,-rpath-link,C:/bbndk/target_10_2_0_1155/qnx6/armle-v7/usr/lib -Wl,-rpath-link,C:/bbndk/target_10_2_0_1155/qnx6/armle-v7/usr/lib/qt4/lib -o o.le-v7-g/ListTest o.le-v7-g/.obj/ListTest.o o.le-v7-g/.obj/applicationui.o o.le-v7-g/.obj/main.o o.le-v7-g/.obj/moc_ListTest.o o.le-v7-g/.obj/moc_applicationui.o    -LC:/bbndk/target_10_2_0_1155/qnx6/armle-v7/lib -LC:/bbndk/target_10_2_0_1155/qnx6/armle-v7/usr/lib -LC:/bbndk/target_10_2_0_1155/qnx6/armle-v7/usr/lib/qt4/lib -LC:/bbndk/target_10_2_0_1155/qnx6//usr/lib/qt4/lib -lbbdata -lbbdevice -lbbsystem -lbbplatform -lbbcascadesadvertisement -lbbcascades -lQtDeclarative -lQtScript -lQtSvg -lQtSql -lsqlite3 -lz -lQtXmlPatterns -lQtGui -lQtNetwork -lsocket -lQtCore -lm -lbps 
make[2]: Leaving directory `C:/Users/DNShark/Documents/SnapBudget/mainapp/ListTest/arm'
make[1]: Leaving directory `C:/Users/DNShark/Documents/SnapBudget/mainapp/ListTest/arm'
12:15:45 **** Incremental Build of configuration Device-Debug for project ListTest ****
make -j4 Device-Debug 
make -C .//translations -f Makefile update
make[1]: Entering directory `C:/Users/DNShark/Documents/SnapBudget/mainapp/ListTest/translations'
C:/bbndk/host_10_2_0_15/win32/x86/usr/bin/lupdate ListTest.pro
C:/Users/DNShark/Documents/SnapBudget/mainapp/ListTest/assets/js/graph.js:74: 
Updating 'ListTest.ts'...
    Found 6 source text(s) (0 new and 6 already existing)
make[1]: Leaving directory `C:/Users/DNShark/Documents/SnapBudget/mainapp/ListTest/translations'
make -C .//translations -f Makefile release
make[1]: Entering directory `C:/Users/DNShark/Documents/SnapBudget/mainapp/ListTest/translations'
C:/bbndk/host_10_2_0_15/win32/x86/usr/bin/lrelease ListTest.pro
Updating 'C:/Users/DNShark/Documents/SnapBudget/mainapp/ListTest/translations/ListTest.qm'...
    Generated 0 translation(s) (0 finished and 0 unfinished)
    Ignored 6 untranslated source text(s)
make[1]: Leaving directory `C:/Users/DNShark/Documents/SnapBudget/mainapp/ListTest/translations'
make -C ./arm -f Makefile debug
make[1]: Entering directory `C:/Users/DNShark/Documents/SnapBudget/mainapp/ListTest/arm'
make -f Makefile.Debug
make[2]: Entering directory `C:/Users/DNShark/Documents/SnapBudget/mainapp/ListTest/arm'
make[2]: Nothing to be done for `first'.
make[2]: Leaving directory `C:/Users/DNShark/Documents/SnapBudget/mainapp/ListTest/arm'
make[1]: Leaving directory `C:/Users/DNShark/Documents/SnapBudget/mainapp/ListTest/arm'
12:20:23 **** Incremental Build of configuration Device-Debug for project ListTest ****
make -j4 Device-Debug 
make -C .//translations -f Makefile update
make[1]: Entering directory `C:/Users/DNShark/Documents/SnapBudget/mainapp/ListTest/translations'
C:/bbndk/host_10_2_0_15/win32/x86/usr/bin/lupdate ListTest.pro
C:/Users/DNShark/Documents/SnapBudget/mainapp/ListTest/assets/js/graph.js:74: 
Updating 'ListTest.ts'...
    Found 6 source text(s) (0 new and 6 already existing)
make[1]: Leaving directory `C:/Users/DNShark/Documents/SnapBudget/mainapp/ListTest/translations'
make -C .//translations -f Makefile release
make[1]: Entering directory `C:/Users/DNShark/Documents/SnapBudget/mainapp/ListTest/translations'
C:/bbndk/host_10_2_0_15/win32/x86/usr/bin/lrelease ListTest.pro
Updating 'C:/Users/DNShark/Documents/SnapBudget/mainapp/ListTest/translations/ListTest.qm'...
    Generated 0 translation(s) (0 finished and 0 unfinished)
    Ignored 6 untranslated source text(s)
make[1]: Leaving directory `C:/Users/DNShark/Documents/SnapBudget/mainapp/ListTest/translations'
make -C ./arm -f Makefile debug
make[1]: Entering directory `C:/Users/DNShark/Documents/SnapBudget/mainapp/ListTest/arm'
make -f Makefile.Debug
make[2]: Entering directory `C:/Users/DNShark/Documents/SnapBudget/mainapp/ListTest/arm'
make[2]: Nothing to be done for `first'.
make[2]: Leaving directory `C:/Users/DNShark/Documents/SnapBudget/mainapp/ListTest/arm'
make[1]: Leaving directory `C:/Users/DNShark/Documents/SnapBudget/mainapp/ListTest/arm'
12:21:16 **** Incremental Build of configuration Device-Debug for project ListTest ****
make -j4 Device-Debug 
make -C .//translations -f Makefile update
make[1]: Entering directory `C:/Users/DNShark/Documents/SnapBudget/mainapp/ListTest/translations'
C:/bbndk/host_10_2_0_15/win32/x86/usr/bin/lupdate ListTest.pro
C:/Users/DNShark/Documents/SnapBudget/mainapp/ListTest/assets/js/graph.js:74: 
Updating 'ListTest.ts'...
    Found 6 source text(s) (0 new and 6 already existing)
make[1]: Leaving directory `C:/Users/DNShark/Documents/SnapBudget/mainapp/ListTest/translations'
make -C .//translations -f Makefile release
make[1]: Entering directory `C:/Users/DNShark/Documents/SnapBudget/mainapp/ListTest/translations'
C:/bbndk/host_10_2_0_15/win32/x86/usr/bin/lrelease ListTest.pro
Updating 'C:/Users/DNShark/Documents/SnapBudget/mainapp/ListTest/translations/ListTest.qm'...
    Generated 0 translation(s) (0 finished and 0 unfinished)
    Ignored 6 untranslated source text(s)
make[1]: Leaving directory `C:/Users/DNShark/Documents/SnapBudget/mainapp/ListTest/translations'
make -C ./arm -f Makefile debug
make[1]: Entering directory `C:/Users/DNShark/Documents/SnapBudget/mainapp/ListTest/arm'
make -f Makefile.Debug
make[2]: Entering directory `C:/Users/DNShark/Documents/SnapBudget/mainapp/ListTest/arm'
qcc -Vgcc_ntoarmv7le -c -Wc,-include -Wc,o.le-v7-g/.obj/ListTest -Wno-psabi -lang-c++ -fstack-protector -fstack-protector-all -mcpu=cortex-a9 -g -Wno-psabi -Wall -W -D_REENTRANT -DQT_NO_IMPORT_QT47_QML -DQ_OS_BLACKBERRY -DQT_DECLARATIVE_DEBUG -DQT_DECLARATIVE_LIB -DQT_CORE_LIB -DQT_SHARED -Ic:/bbndk/target_10_2_0_1155/qnx6/usr/share/qt4/mkspecs/blackberry-armv7le-qcc -I../../ListTest -Ic:/bbndk/target_10_2_0_1155/qnx6/usr/include/qt4/QtCore -Ic:/bbndk/target_10_2_0_1155/qnx6/usr/include/qt4/QtDeclarative -Ic:/bbndk/target_10_2_0_1155/qnx6/usr/include/qt4 -I../src -Io.le-v7-g/.moc -Ic:/bbndk/target_10_2_0_1155/qnx6/usr/include -Ic:/bbndk/target_10_2_0_1155/qnx6/usr/include/freetype2 -I. -o o.le-v7-g/.obj/ListTest.o ../src/ListTest.cpp
../src/ListTest.cpp: In member function 'void ListTest::newPeriod(QString)':
../src/ListTest.cpp:836:8: warning: variable 'newStartDate' set but not used [-Wunused-but-set-variable]
../src/ListTest.cpp: At global scope:
../src/ListTest.cpp:1422:6: warning: unused parameter 'keyPressed' [-Wunused-parameter]
qcc -Vgcc_ntoarmv7le -lang-c++ -Wl,-rpath-link,C:/bbndk/target_10_2_0_1155/qnx6/armle-v7/lib -Wl,-rpath-link,C:/bbndk/target_10_2_0_1155/qnx6/armle-v7/usr/lib -Wl,-rpath-link,C:/bbndk/target_10_2_0_1155/qnx6/armle-v7/usr/lib/qt4/lib -o o.le-v7-g/ListTest o.le-v7-g/.obj/ListTest.o o.le-v7-g/.obj/applicationui.o o.le-v7-g/.obj/main.o o.le-v7-g/.obj/moc_ListTest.o o.le-v7-g/.obj/moc_applicationui.o    -LC:/bbndk/target_10_2_0_1155/qnx6/armle-v7/lib -LC:/bbndk/target_10_2_0_1155/qnx6/armle-v7/usr/lib -LC:/bbndk/target_10_2_0_1155/qnx6/armle-v7/usr/lib/qt4/lib -LC:/bbndk/target_10_2_0_1155/qnx6//usr/lib/qt4/lib -lbbdata -lbbdevice -lbbsystem -lbbplatform -lbbcascadesadvertisement -lbbcascades -lQtDeclarative -lQtScript -lQtSvg -lQtSql -lsqlite3 -lz -lQtXmlPatterns -lQtGui -lQtNetwork -lsocket -lQtCore -lm -lbps 
make[2]: Leaving directory `C:/Users/DNShark/Documents/SnapBudget/mainapp/ListTest/arm'
make[1]: Leaving directory `C:/Users/DNShark/Documents/SnapBudget/mainapp/ListTest/arm'
12:28:42 **** Incremental Build of configuration Device-Debug for project ListTest ****
make -j4 Device-Debug 
make -C .//translations -f Makefile update
make[1]: Entering directory `C:/Users/DNShark/Documents/SnapBudget/mainapp/ListTest/translations'
C:/bbndk/host_10_2_0_15/win32/x86/usr/bin/lupdate ListTest.pro
C:/Users/DNShark/Documents/SnapBudget/mainapp/ListTest/assets/js/graph.js:74: 
Updating 'ListTest.ts'...
    Found 6 source text(s) (0 new and 6 already existing)
make[1]: Leaving directory `C:/Users/DNShark/Documents/SnapBudget/mainapp/ListTest/translations'
make -C .//translations -f Makefile release
make[1]: Entering directory `C:/Users/DNShark/Documents/SnapBudget/mainapp/ListTest/translations'
C:/bbndk/host_10_2_0_15/win32/x86/usr/bin/lrelease ListTest.pro
Updating 'C:/Users/DNShark/Documents/SnapBudget/mainapp/ListTest/translations/ListTest.qm'...
    Generated 0 translation(s) (0 finished and 0 unfinished)
    Ignored 6 untranslated source text(s)
make[1]: Leaving directory `C:/Users/DNShark/Documents/SnapBudget/mainapp/ListTest/translations'
make -C ./arm -f Makefile debug
make[1]: Entering directory `C:/Users/DNShark/Documents/SnapBudget/mainapp/ListTest/arm'
make -f Makefile.Debug
make[2]: Entering directory `C:/Users/DNShark/Documents/SnapBudget/mainapp/ListTest/arm'
qcc -Vgcc_ntoarmv7le -c -Wc,-include -Wc,o.le-v7-g/.obj/ListTest -Wno-psabi -lang-c++ -fstack-protector -fstack-protector-all -mcpu=cortex-a9 -g -Wno-psabi -Wall -W -D_REENTRANT -DQT_NO_IMPORT_QT47_QML -DQ_OS_BLACKBERRY -DQT_DECLARATIVE_DEBUG -DQT_DECLARATIVE_LIB -DQT_CORE_LIB -DQT_SHARED -Ic:/bbndk/target_10_2_0_1155/qnx6/usr/share/qt4/mkspecs/blackberry-armv7le-qcc -I../../ListTest -Ic:/bbndk/target_10_2_0_1155/qnx6/usr/include/qt4/QtCore -Ic:/bbndk/target_10_2_0_1155/qnx6/usr/include/qt4/QtDeclarative -Ic:/bbndk/target_10_2_0_1155/qnx6/usr/include/qt4 -I../src -Io.le-v7-g/.moc -Ic:/bbndk/target_10_2_0_1155/qnx6/usr/include -Ic:/bbndk/target_10_2_0_1155/qnx6/usr/include/freetype2 -I. -o o.le-v7-g/.obj/ListTest.o ../src/ListTest.cpp
../src/ListTest.cpp: In member function 'void ListTest::newPeriod(QString)':
../src/ListTest.cpp:836:8: warning: variable 'newStartDate' set but not used [-Wunused-but-set-variable]
../src/ListTest.cpp: At global scope:
../src/ListTest.cpp:1422:6: warning: unused parameter 'keyPressed' [-Wunused-parameter]
qcc -Vgcc_ntoarmv7le -lang-c++ -Wl,-rpath-link,C:/bbndk/target_10_2_0_1155/qnx6/armle-v7/lib -Wl,-rpath-link,C:/bbndk/target_10_2_0_1155/qnx6/armle-v7/usr/lib -Wl,-rpath-link,C:/bbndk/target_10_2_0_1155/qnx6/armle-v7/usr/lib/qt4/lib -o o.le-v7-g/ListTest o.le-v7-g/.obj/ListTest.o o.le-v7-g/.obj/applicationui.o o.le-v7-g/.obj/main.o o.le-v7-g/.obj/moc_ListTest.o o.le-v7-g/.obj/moc_applicationui.o    -LC:/bbndk/target_10_2_0_1155/qnx6/armle-v7/lib -LC:/bbndk/target_10_2_0_1155/qnx6/armle-v7/usr/lib -LC:/bbndk/target_10_2_0_1155/qnx6/armle-v7/usr/lib/qt4/lib -LC:/bbndk/target_10_2_0_1155/qnx6//usr/lib/qt4/lib -lbbdata -lbbdevice -lbbsystem -lbbplatform -lbbcascadesadvertisement -lbbcascades -lQtDeclarative -lQtScript -lQtSvg -lQtSql -lsqlite3 -lz -lQtXmlPatterns -lQtGui -lQtNetwork -lsocket -lQtCore -lm -lbps 
make[2]: Leaving directory `C:/Users/DNShark/Documents/SnapBudget/mainapp/ListTest/arm'
make[1]: Leaving directory `C:/Users/DNShark/Documents/SnapBudget/mainapp/ListTest/arm'
12:30:50 **** Incremental Build of configuration Device-Debug for project ListTest ****
make -j4 Device-Debug 
make -C .//translations -f Makefile update
make[1]: Entering directory `C:/Users/DNShark/Documents/SnapBudget/mainapp/ListTest/translations'
C:/bbndk/host_10_2_0_15/win32/x86/usr/bin/lupdate ListTest.pro
C:/Users/DNShark/Documents/SnapBudget/mainapp/ListTest/assets/js/graph.js:74: 
Updating 'ListTest.ts'...
    Found 6 source text(s) (0 new and 6 already existing)
make[1]: Leaving directory `C:/Users/DNShark/Documents/SnapBudget/mainapp/ListTest/translations'
make -C .//translations -f Makefile release
make[1]: Entering directory `C:/Users/DNShark/Documents/SnapBudget/mainapp/ListTest/translations'
C:/bbndk/host_10_2_0_15/win32/x86/usr/bin/lrelease ListTest.pro
Updating 'C:/Users/DNShark/Documents/SnapBudget/mainapp/ListTest/translations/ListTest.qm'...
    Generated 0 translation(s) (0 finished and 0 unfinished)
    Ignored 6 untranslated source text(s)
make[1]: Leaving directory `C:/Users/DNShark/Documents/SnapBudget/mainapp/ListTest/translations'
make -C ./arm -f Makefile debug
make[1]: Entering directory `C:/Users/DNShark/Documents/SnapBudget/mainapp/ListTest/arm'
make -f Makefile.Debug
make[2]: Entering directory `C:/Users/DNShark/Documents/SnapBudget/mainapp/ListTest/arm'
qcc -Vgcc_ntoarmv7le -c -Wc,-include -Wc,o.le-v7-g/.obj/ListTest -Wno-psabi -lang-c++ -fstack-protector -fstack-protector-all -mcpu=cortex-a9 -g -Wno-psabi -Wall -W -D_REENTRANT -DQT_NO_IMPORT_QT47_QML -DQ_OS_BLACKBERRY -DQT_DECLARATIVE_DEBUG -DQT_DECLARATIVE_LIB -DQT_CORE_LIB -DQT_SHARED -Ic:/bbndk/target_10_2_0_1155/qnx6/usr/share/qt4/mkspecs/blackberry-armv7le-qcc -I../../ListTest -Ic:/bbndk/target_10_2_0_1155/qnx6/usr/include/qt4/QtCore -Ic:/bbndk/target_10_2_0_1155/qnx6/usr/include/qt4/QtDeclarative -Ic:/bbndk/target_10_2_0_1155/qnx6/usr/include/qt4 -I../src -Io.le-v7-g/.moc -Ic:/bbndk/target_10_2_0_1155/qnx6/usr/include -Ic:/bbndk/target_10_2_0_1155/qnx6/usr/include/freetype2 -I. -o o.le-v7-g/.obj/ListTest.o ../src/ListTest.cpp
../src/ListTest.cpp: In member function 'void ListTest::newPeriod(QString)':
../src/ListTest.cpp:836:8: warning: variable 'newStartDate' set but not used [-Wunused-but-set-variable]
../src/ListTest.cpp: At global scope:
../src/ListTest.cpp:1422:6: warning: unused parameter 'keyPressed' [-Wunused-parameter]
qcc -Vgcc_ntoarmv7le -lang-c++ -Wl,-rpath-link,C:/bbndk/target_10_2_0_1155/qnx6/armle-v7/lib -Wl,-rpath-link,C:/bbndk/target_10_2_0_1155/qnx6/armle-v7/usr/lib -Wl,-rpath-link,C:/bbndk/target_10_2_0_1155/qnx6/armle-v7/usr/lib/qt4/lib -o o.le-v7-g/ListTest o.le-v7-g/.obj/ListTest.o o.le-v7-g/.obj/applicationui.o o.le-v7-g/.obj/main.o o.le-v7-g/.obj/moc_ListTest.o o.le-v7-g/.obj/moc_applicationui.o    -LC:/bbndk/target_10_2_0_1155/qnx6/armle-v7/lib -LC:/bbndk/target_10_2_0_1155/qnx6/armle-v7/usr/lib -LC:/bbndk/target_10_2_0_1155/qnx6/armle-v7/usr/lib/qt4/lib -LC:/bbndk/target_10_2_0_1155/qnx6//usr/lib/qt4/lib -lbbdata -lbbdevice -lbbsystem -lbbplatform -lbbcascadesadvertisement -lbbcascades -lQtDeclarative -lQtScript -lQtSvg -lQtSql -lsqlite3 -lz -lQtXmlPatterns -lQtGui -lQtNetwork -lsocket -lQtCore -lm -lbps 
make[2]: Leaving directory `C:/Users/DNShark/Documents/SnapBudget/mainapp/ListTest/arm'
make[1]: Leaving directory `C:/Users/DNShark/Documents/SnapBudget/mainapp/ListTest/arm'
12:49:23 **** Incremental Build of configuration Device-Debug for project ListTest ****
make -j4 Device-Debug 
make -C .//translations -f Makefile update
make[1]: Entering directory `C:/Users/DNShark/Documents/SnapBudget/mainapp/ListTest/translations'
C:/bbndk/host_10_2_0_15/win32/x86/usr/bin/lupdate ListTest.pro
C:/Users/DNShark/Documents/SnapBudget/mainapp/ListTest/assets/js/graph.js:74: 
Updating 'ListTest.ts'...
    Found 6 source text(s) (0 new and 6 already existing)
make[1]: Leaving directory `C:/Users/DNShark/Documents/SnapBudget/mainapp/ListTest/translations'
make -C .//translations -f Makefile release
make[1]: Entering directory `C:/Users/DNShark/Documents/SnapBudget/mainapp/ListTest/translations'
C:/bbndk/host_10_2_0_15/win32/x86/usr/bin/lrelease ListTest.pro
Updating 'C:/Users/DNShark/Documents/SnapBudget/mainapp/ListTest/translations/ListTest.qm'...
    Generated 0 translation(s) (0 finished and 0 unfinished)
    Ignored 6 untranslated source text(s)
make[1]: Leaving directory `C:/Users/DNShark/Documents/SnapBudget/mainapp/ListTest/translations'
make -C ./arm -f Makefile debug
make[1]: Entering directory `C:/Users/DNShark/Documents/SnapBudget/mainapp/ListTest/arm'
make -f Makefile.Debug
make[2]: Entering directory `C:/Users/DNShark/Documents/SnapBudget/mainapp/ListTest/arm'
qcc -Vgcc_ntoarmv7le -c -Wc,-include -Wc,o.le-v7-g/.obj/ListTest -Wno-psabi -lang-c++ -fstack-protector -fstack-protector-all -mcpu=cortex-a9 -g -Wno-psabi -Wall -W -D_REENTRANT -DQT_NO_IMPORT_QT47_QML -DQ_OS_BLACKBERRY -DQT_DECLARATIVE_DEBUG -DQT_DECLARATIVE_LIB -DQT_CORE_LIB -DQT_SHARED -Ic:/bbndk/target_10_2_0_1155/qnx6/usr/share/qt4/mkspecs/blackberry-armv7le-qcc -I../../ListTest -Ic:/bbndk/target_10_2_0_1155/qnx6/usr/include/qt4/QtCore -Ic:/bbndk/target_10_2_0_1155/qnx6/usr/include/qt4/QtDeclarative -Ic:/bbndk/target_10_2_0_1155/qnx6/usr/include/qt4 -I../src -Io.le-v7-g/.moc -Ic:/bbndk/target_10_2_0_1155/qnx6/usr/include -Ic:/bbndk/target_10_2_0_1155/qnx6/usr/include/freetype2 -I. -o o.le-v7-g/.obj/ListTest.o ../src/ListTest.cpp
qcc -Vgcc_ntoarmv7le -c -Wc,-include -Wc,o.le-v7-g/.obj/ListTest -Wno-psabi -lang-c++ -fstack-protector -fstack-protector-all -mcpu=cortex-a9 -g -Wno-psabi -Wall -W -D_REENTRANT -DQT_NO_IMPORT_QT47_QML -DQ_OS_BLACKBERRY -DQT_DECLARATIVE_DEBUG -DQT_DECLARATIVE_LIB -DQT_CORE_LIB -DQT_SHARED -Ic:/bbndk/target_10_2_0_1155/qnx6/usr/share/qt4/mkspecs/blackberry-armv7le-qcc -I../../ListTest -Ic:/bbndk/target_10_2_0_1155/qnx6/usr/include/qt4/QtCore -Ic:/bbndk/target_10_2_0_1155/qnx6/usr/include/qt4/QtDeclarative -Ic:/bbndk/target_10_2_0_1155/qnx6/usr/include/qt4 -I../src -Io.le-v7-g/.moc -Ic:/bbndk/target_10_2_0_1155/qnx6/usr/include -Ic:/bbndk/target_10_2_0_1155/qnx6/usr/include/freetype2 -I. -o o.le-v7-g/.obj/main.o ../src/main.cpp
C:/bbndk/host_10_2_0_15/win32/x86/usr/bin/moc.exe -DQT_NO_IMPORT_QT47_QML -DQ_OS_BLACKBERRY -DQT_DECLARATIVE_DEBUG -DQT_DECLARATIVE_LIB -DQT_CORE_LIB -DQT_SHARED -Ic:/bbndk/target_10_2_0_1155/qnx6/usr/share/qt4/mkspecs/blackberry-armv7le-qcc -I../../ListTest -Ic:/bbndk/target_10_2_0_1155/qnx6/usr/include/qt4/QtCore -Ic:/bbndk/target_10_2_0_1155/qnx6/usr/include/qt4/QtDeclarative -Ic:/bbndk/target_10_2_0_1155/qnx6/usr/include/qt4 -I../src -Io.le-v7-g/.moc -Ic:/bbndk/target_10_2_0_1155/qnx6/usr/include -Ic:/bbndk/target_10_2_0_1155/qnx6/usr/include/freetype2 -I. -D__QNXNTO__ ../src/ListTest.hpp -o o.le-v7-g/.moc/moc_ListTest.cpp
qcc -Vgcc_ntoarmv7le -c -Wc,-include -Wc,o.le-v7-g/.obj/ListTest -Wno-psabi -lang-c++ -fstack-protector -fstack-protector-all -mcpu=cortex-a9 -g -Wno-psabi -Wall -W -D_REENTRANT -DQT_NO_IMPORT_QT47_QML -DQ_OS_BLACKBERRY -DQT_DECLARATIVE_DEBUG -DQT_DECLARATIVE_LIB -DQT_CORE_LIB -DQT_SHARED -Ic:/bbndk/target_10_2_0_1155/qnx6/usr/share/qt4/mkspecs/blackberry-armv7le-qcc -I../../ListTest -Ic:/bbndk/target_10_2_0_1155/qnx6/usr/include/qt4/QtCore -Ic:/bbndk/target_10_2_0_1155/qnx6/usr/include/qt4/QtDeclarative -Ic:/bbndk/target_10_2_0_1155/qnx6/usr/include/qt4 -I../src -Io.le-v7-g/.moc -Ic:/bbndk/target_10_2_0_1155/qnx6/usr/include -Ic:/bbndk/target_10_2_0_1155/qnx6/usr/include/freetype2 -I. -o o.le-v7-g/.obj/moc_ListTest.o o.le-v7-g/.moc/moc_ListTest.cpp
../src/ListTest.cpp: In member function 'void ListTest::newPeriod(QString)':
../src/ListTest.cpp:847:8: warning: variable 'newStartDate' set but not used [-Wunused-but-set-variable]
../src/ListTest.cpp: At global scope:
../src/ListTest.cpp:1433:6: warning: unused parameter 'keyPressed' [-Wunused-parameter]
../src/main.cpp:15:6: warning: unused parameter 'type' [-Wunused-parameter]
qcc -Vgcc_ntoarmv7le -lang-c++ -Wl,-rpath-link,C:/bbndk/target_10_2_0_1155/qnx6/armle-v7/lib -Wl,-rpath-link,C:/bbndk/target_10_2_0_1155/qnx6/armle-v7/usr/lib -Wl,-rpath-link,C:/bbndk/target_10_2_0_1155/qnx6/armle-v7/usr/lib/qt4/lib -o o.le-v7-g/ListTest o.le-v7-g/.obj/ListTest.o o.le-v7-g/.obj/applicationui.o o.le-v7-g/.obj/main.o o.le-v7-g/.obj/moc_ListTest.o o.le-v7-g/.obj/moc_applicationui.o    -LC:/bbndk/target_10_2_0_1155/qnx6/armle-v7/lib -LC:/bbndk/target_10_2_0_1155/qnx6/armle-v7/usr/lib -LC:/bbndk/target_10_2_0_1155/qnx6/armle-v7/usr/lib/qt4/lib -LC:/bbndk/target_10_2_0_1155/qnx6//usr/lib/qt4/lib -lbbdata -lbbdevice -lbbsystem -lbbplatform -lbbcascadesadvertisement -lbbcascades -lQtDeclarative -lQtScript -lQtSvg -lQtSql -lsqlite3 -lz -lQtXmlPatterns -lQtGui -lQtNetwork -lsocket -lQtCore -lm -lbps 
make[2]: Leaving directory `C:/Users/DNShark/Documents/SnapBudget/mainapp/ListTest/arm'
make[1]: Leaving directory `C:/Users/DNShark/Documents/SnapBudget/mainapp/ListTest/arm'
12:07:14 **** Incremental Build of configuration Device-Debug for project ListTest ****
make -j4 Device-Debug 
C:/bbndk/host_10_2_0_15/win32/x86/usr/bin/make -C .//translations -f Makefile update
make[1]: Entering directory `C:/Users/DNShark/Documents/SnapBudget/mainapp/ListTest/translations'
C:/bbndk/host_10_2_0_15/win32/x86/usr/bin/lupdate ListTest.pro
C:/Users/DNShark/Documents/SnapBudget/mainapp/ListTest/assets/js/graph.js:74: 
Updating 'ListTest.ts'...
    Found 6 source text(s) (0 new and 6 already existing)
make[1]: Leaving directory `C:/Users/DNShark/Documents/SnapBudget/mainapp/ListTest/translations'
C:/bbndk/host_10_2_0_15/win32/x86/usr/bin/make -C .//translations -f Makefile release
make[1]: Entering directory `C:/Users/DNShark/Documents/SnapBudget/mainapp/ListTest/translations'
C:/bbndk/host_10_2_0_15/win32/x86/usr/bin/lrelease ListTest.pro
Updating 'C:/Users/DNShark/Documents/SnapBudget/mainapp/ListTest/translations/ListTest.qm'...
    Generated 0 translation(s) (0 finished and 0 unfinished)
    Ignored 6 untranslated source text(s)
make[1]: Leaving directory `C:/Users/DNShark/Documents/SnapBudget/mainapp/ListTest/translations'
C:/bbndk/host_10_2_0_15/win32/x86/usr/bin/make -C ./arm -f Makefile debug
make[1]: Entering directory `C:/Users/DNShark/Documents/SnapBudget/mainapp/ListTest/arm'
C:/bbndk/host_10_2_0_15/win32/x86/usr/bin/make -f Makefile.Debug
make[2]: Entering directory `C:/Users/DNShark/Documents/SnapBudget/mainapp/ListTest/arm'
make[2]: Nothing to be done for `first'.
make[2]: Leaving directory `C:/Users/DNShark/Documents/SnapBudget/mainapp/ListTest/arm'
make[1]: Leaving directory `C:/Users/DNShark/Documents/SnapBudget/mainapp/ListTest/arm'
12:08:54 **** Incremental Build of configuration Device-Debug for project ListTest ****
make -j4 Device-Debug 
C:/bbndk/host_10_2_0_15/win32/x86/usr/bin/make -C .//translations -f Makefile update
make[1]: Entering directory `C:/Users/DNShark/Documents/SnapBudget/mainapp/ListTest/translations'
C:/bbndk/host_10_2_0_15/win32/x86/usr/bin/lupdate ListTest.pro
C:/Users/DNShark/Documents/SnapBudget/mainapp/ListTest/assets/js/graph.js:74: 
Updating 'ListTest.ts'...
    Found 6 source text(s) (0 new and 6 already existing)
make[1]: Leaving directory `C:/Users/DNShark/Documents/SnapBudget/mainapp/ListTest/translations'
C:/bbndk/host_10_2_0_15/win32/x86/usr/bin/make -C .//translations -f Makefile release
make[1]: Entering directory `C:/Users/DNShark/Documents/SnapBudget/mainapp/ListTest/translations'
C:/bbndk/host_10_2_0_15/win32/x86/usr/bin/lrelease ListTest.pro
Updating 'C:/Users/DNShark/Documents/SnapBudget/mainapp/ListTest/translations/ListTest.qm'...
    Generated 0 translation(s) (0 finished and 0 unfinished)
    Ignored 6 untranslated source text(s)
make[1]: Leaving directory `C:/Users/DNShark/Documents/SnapBudget/mainapp/ListTest/translations'
C:/bbndk/host_10_2_0_15/win32/x86/usr/bin/make -C ./arm -f Makefile debug
make[1]: Entering directory `C:/Users/DNShark/Documents/SnapBudget/mainapp/ListTest/arm'
C:/bbndk/host_10_2_0_15/win32/x86/usr/bin/make -f Makefile.Debug
make[2]: Entering directory `C:/Users/DNShark/Documents/SnapBudget/mainapp/ListTest/arm'
make[2]: Nothing to be done for `first'.
make[2]: Leaving directory `C:/Users/DNShark/Documents/SnapBudget/mainapp/ListTest/arm'
make[1]: Leaving directory `C:/Users/DNShark/Documents/SnapBudget/mainapp/ListTest/arm'
12:27:42 **** Incremental Build of configuration Device-Debug for project ListTest ****
make -j4 Device-Debug 
C:/bbndk/host_10_2_0_15/win32/x86/usr/bin/make -C .//translations -f Makefile update
make[1]: Entering directory `C:/Users/DNShark/Documents/SnapBudget/mainapp/ListTest/translations'
C:/bbndk/host_10_2_0_15/win32/x86/usr/bin/lupdate ListTest.pro
C:/Users/DNShark/Documents/SnapBudget/mainapp/ListTest/assets/js/graph.js:74: 
Updating 'ListTest.ts'...
    Found 6 source text(s) (0 new and 6 already existing)
make[1]: Leaving directory `C:/Users/DNShark/Documents/SnapBudget/mainapp/ListTest/translations'
C:/bbndk/host_10_2_0_15/win32/x86/usr/bin/make -C .//translations -f Makefile release
make[1]: Entering directory `C:/Users/DNShark/Documents/SnapBudget/mainapp/ListTest/translations'
C:/bbndk/host_10_2_0_15/win32/x86/usr/bin/lrelease ListTest.pro
Updating 'C:/Users/DNShark/Documents/SnapBudget/mainapp/ListTest/translations/ListTest.qm'...
    Generated 0 translation(s) (0 finished and 0 unfinished)
    Ignored 6 untranslated source text(s)
make[1]: Leaving directory `C:/Users/DNShark/Documents/SnapBudget/mainapp/ListTest/translations'
C:/bbndk/host_10_2_0_15/win32/x86/usr/bin/make -C ./arm -f Makefile debug
make[1]: Entering directory `C:/Users/DNShark/Documents/SnapBudget/mainapp/ListTest/arm'
C:/bbndk/host_10_2_0_15/win32/x86/usr/bin/make -f Makefile.Debug
make[2]: Entering directory `C:/Users/DNShark/Documents/SnapBudget/mainapp/ListTest/arm'
make[2]: Nothing to be done for `first'.
make[2]: Leaving directory `C:/Users/DNShark/Documents/SnapBudget/mainapp/ListTest/arm'
make[1]: Leaving directory `C:/Users/DNShark/Documents/SnapBudget/mainapp/ListTest/arm'
12:28:12 **** Incremental Build of configuration Device-Debug for project ListTest ****
make -j4 Device-Debug 
C:/bbndk/host_10_2_0_15/win32/x86/usr/bin/make -C .//translations -f Makefile update
make[1]: Entering directory `C:/Users/DNShark/Documents/SnapBudget/mainapp/ListTest/translations'
C:/bbndk/host_10_2_0_15/win32/x86/usr/bin/lupdate ListTest.pro
C:/Users/DNShark/Documents/SnapBudget/mainapp/ListTest/assets/js/graph.js:74: 
Updating 'ListTest.ts'...
    Found 6 source text(s) (0 new and 6 already existing)
make[1]: Leaving directory `C:/Users/DNShark/Documents/SnapBudget/mainapp/ListTest/translations'
C:/bbndk/host_10_2_0_15/win32/x86/usr/bin/make -C .//translations -f Makefile release
make[1]: Entering directory `C:/Users/DNShark/Documents/SnapBudget/mainapp/ListTest/translations'
C:/bbndk/host_10_2_0_15/win32/x86/usr/bin/lrelease ListTest.pro
Updating 'C:/Users/DNShark/Documents/SnapBudget/mainapp/ListTest/translations/ListTest.qm'...
    Generated 0 translation(s) (0 finished and 0 unfinished)
    Ignored 6 untranslated source text(s)
make[1]: Leaving directory `C:/Users/DNShark/Documents/SnapBudget/mainapp/ListTest/translations'
C:/bbndk/host_10_2_0_15/win32/x86/usr/bin/make -C ./arm -f Makefile debug
make[1]: Entering directory `C:/Users/DNShark/Documents/SnapBudget/mainapp/ListTest/arm'
C:/bbndk/host_10_2_0_15/win32/x86/usr/bin/make -f Makefile.Debug
make[2]: Entering directory `C:/Users/DNShark/Documents/SnapBudget/mainapp/ListTest/arm'
make[2]: Nothing to be done for `first'.
make[2]: Leaving directory `C:/Users/DNShark/Documents/SnapBudget/mainapp/ListTest/arm'
make[1]: Leaving directory `C:/Users/DNShark/Documents/SnapBudget/mainapp/ListTest/arm'
12:53:11 **** Incremental Build of configuration Device-Debug for project ListTest ****
make -j4 Device-Debug 
C:/bbndk/host_10_2_0_15/win32/x86/usr/bin/make -C .//translations -f Makefile update
make[1]: Entering directory `C:/Users/DNShark/Documents/SnapBudget/mainapp/ListTest/translations'
C:/bbndk/host_10_2_0_15/win32/x86/usr/bin/lupdate ListTest.pro
C:/Users/DNShark/Documents/SnapBudget/mainapp/ListTest/assets/js/graph.js:74: 
Updating 'ListTest.ts'...
    Found 6 source text(s) (0 new and 6 already existing)
make[1]: Leaving directory `C:/Users/DNShark/Documents/SnapBudget/mainapp/ListTest/translations'
C:/bbndk/host_10_2_0_15/win32/x86/usr/bin/make -C .//translations -f Makefile release
make[1]: Entering directory `C:/Users/DNShark/Documents/SnapBudget/mainapp/ListTest/translations'
C:/bbndk/host_10_2_0_15/win32/x86/usr/bin/lrelease ListTest.pro
Updating 'C:/Users/DNShark/Documents/SnapBudget/mainapp/ListTest/translations/ListTest.qm'...
    Generated 0 translation(s) (0 finished and 0 unfinished)
    Ignored 6 untranslated source text(s)
make[1]: Leaving directory `C:/Users/DNShark/Documents/SnapBudget/mainapp/ListTest/translations'
C:/bbndk/host_10_2_0_15/win32/x86/usr/bin/make -C ./arm -f Makefile debug
make[1]: Entering directory `C:/Users/DNShark/Documents/SnapBudget/mainapp/ListTest/arm'
C:/bbndk/host_10_2_0_15/win32/x86/usr/bin/make -f Makefile.Debug
make[2]: Entering directory `C:/Users/DNShark/Documents/SnapBudget/mainapp/ListTest/arm'
make[2]: Nothing to be done for `first'.
make[2]: Leaving directory `C:/Users/DNShark/Documents/SnapBudget/mainapp/ListTest/arm'
make[1]: Leaving directory `C:/Users/DNShark/Documents/SnapBudget/mainapp/ListTest/arm'
16:58:31 **** Incremental Build of configuration Device-Debug for project ListTest ****
make -j4 Device-Debug 
C:/bbndk/host_10_2_0_15/win32/x86/usr/bin/make -C .//translations -f Makefile update
make[1]: Entering directory `C:/Users/DNShark/Documents/SnapBudget/mainapp/ListTest/translations'
C:/bbndk/host_10_2_0_15/win32/x86/usr/bin/lupdate ListTest.pro
C:/Users/DNShark/Documents/SnapBudget/mainapp/ListTest/assets/js/graph.js:74: 
Updating 'ListTest.ts'...
    Found 6 source text(s) (0 new and 6 already existing)
make[1]: Leaving directory `C:/Users/DNShark/Documents/SnapBudget/mainapp/ListTest/translations'
C:/bbndk/host_10_2_0_15/win32/x86/usr/bin/make -C .//translations -f Makefile release
make[1]: Entering directory `C:/Users/DNShark/Documents/SnapBudget/mainapp/ListTest/translations'
C:/bbndk/host_10_2_0_15/win32/x86/usr/bin/lrelease ListTest.pro
Updating 'C:/Users/DNShark/Documents/SnapBudget/mainapp/ListTest/translations/ListTest.qm'...
    Generated 0 translation(s) (0 finished and 0 unfinished)
    Ignored 6 untranslated source text(s)
make[1]: Leaving directory `C:/Users/DNShark/Documents/SnapBudget/mainapp/ListTest/translations'
C:/bbndk/host_10_2_0_15/win32/x86/usr/bin/make -C ./arm -f Makefile debug
make[1]: Entering directory `C:/Users/DNShark/Documents/SnapBudget/mainapp/ListTest/arm'
C:/bbndk/host_10_2_0_15/win32/x86/usr/bin/make -f Makefile.Debug
make[2]: Entering directory `C:/Users/DNShark/Documents/SnapBudget/mainapp/ListTest/arm'
qcc -Vgcc_ntoarmv7le -c -Wc,-include -Wc,o.le-v7-g/.obj/ListTest -Wno-psabi -lang-c++ -fstack-protector -fstack-protector-all -mcpu=cortex-a9 -g -Wno-psabi -Wall -W -D_REENTRANT -DQT_NO_IMPORT_QT47_QML -DQ_OS_BLACKBERRY -DQT_DECLARATIVE_DEBUG -DQT_DECLARATIVE_LIB -DQT_CORE_LIB -DQT_SHARED -Ic:/bbndk/target_10_2_0_1155/qnx6/usr/share/qt4/mkspecs/blackberry-armv7le-qcc -I../../ListTest -Ic:/bbndk/target_10_2_0_1155/qnx6/usr/include/qt4/QtCore -Ic:/bbndk/target_10_2_0_1155/qnx6/usr/include/qt4/QtDeclarative -Ic:/bbndk/target_10_2_0_1155/qnx6/usr/include/qt4 -I../src -Io.le-v7-g/.moc -Ic:/bbndk/target_10_2_0_1155/qnx6/usr/include -Ic:/bbndk/target_10_2_0_1155/qnx6/usr/include/freetype2 -I. -o o.le-v7-g/.obj/ListTest.o ../src/ListTest.cpp
../src/ListTest.cpp: In member function 'void ListTest::newPeriod(QString)':
../src/ListTest.cpp:847:8: warning: variable 'newStartDate' set but not used [-Wunused-but-set-variable]
../src/ListTest.cpp: At global scope:
../src/ListTest.cpp:1435:6: warning: unused parameter 'keyPressed' [-Wunused-parameter]
qcc -Vgcc_ntoarmv7le -lang-c++ -Wl,-rpath-link,C:/bbndk/target_10_2_0_1155/qnx6/armle-v7/lib -Wl,-rpath-link,C:/bbndk/target_10_2_0_1155/qnx6/armle-v7/usr/lib -Wl,-rpath-link,C:/bbndk/target_10_2_0_1155/qnx6/armle-v7/usr/lib/qt4/lib -o o.le-v7-g/ListTest o.le-v7-g/.obj/ListTest.o o.le-v7-g/.obj/applicationui.o o.le-v7-g/.obj/main.o o.le-v7-g/.obj/moc_ListTest.o o.le-v7-g/.obj/moc_applicationui.o    -LC:/bbndk/target_10_2_0_1155/qnx6/armle-v7/lib -LC:/bbndk/target_10_2_0_1155/qnx6/armle-v7/usr/lib -LC:/bbndk/target_10_2_0_1155/qnx6/armle-v7/usr/lib/qt4/lib -LC:/bbndk/target_10_2_0_1155/qnx6//usr/lib/qt4/lib -lbbdata -lbbdevice -lbbsystem -lbbplatform -lbbcascadesadvertisement -lbbcascades -lQtDeclarative -lQtScript -lQtSvg -lQtSql -lsqlite3 -lz -lQtXmlPatterns -lQtGui -lQtNetwork -lsocket -lQtCore -lm -lbps 
make[2]: Leaving directory `C:/Users/DNShark/Documents/SnapBudget/mainapp/ListTest/arm'
make[1]: Leaving directory `C:/Users/DNShark/Documents/SnapBudget/mainapp/ListTest/arm'
16:59:33 **** Incremental Build of configuration Device-Debug for project ListTest ****
make -j4 Device-Debug 
C:/bbndk/host_10_2_0_15/win32/x86/usr/bin/make -C .//translations -f Makefile update
make[1]: Entering directory `C:/Users/DNShark/Documents/SnapBudget/mainapp/ListTest/translations'
C:/bbndk/host_10_2_0_15/win32/x86/usr/bin/lupdate ListTest.pro
C:/Users/DNShark/Documents/SnapBudget/mainapp/ListTest/assets/js/graph.js:74: 
Updating 'ListTest.ts'...
    Found 6 source text(s) (0 new and 6 already existing)
make[1]: Leaving directory `C:/Users/DNShark/Documents/SnapBudget/mainapp/ListTest/translations'
C:/bbndk/host_10_2_0_15/win32/x86/usr/bin/make -C .//translations -f Makefile release
make[1]: Entering directory `C:/Users/DNShark/Documents/SnapBudget/mainapp/ListTest/translations'
C:/bbndk/host_10_2_0_15/win32/x86/usr/bin/lrelease ListTest.pro
Updating 'C:/Users/DNShark/Documents/SnapBudget/mainapp/ListTest/translations/ListTest.qm'...
    Generated 0 translation(s) (0 finished and 0 unfinished)
    Ignored 6 untranslated source text(s)
make[1]: Leaving directory `C:/Users/DNShark/Documents/SnapBudget/mainapp/ListTest/translations'
C:/bbndk/host_10_2_0_15/win32/x86/usr/bin/make -C ./arm -f Makefile debug
make[1]: Entering directory `C:/Users/DNShark/Documents/SnapBudget/mainapp/ListTest/arm'
C:/bbndk/host_10_2_0_15/win32/x86/usr/bin/make -f Makefile.Debug
make[2]: Entering directory `C:/Users/DNShark/Documents/SnapBudget/mainapp/ListTest/arm'
make[2]: Nothing to be done for `first'.
make[2]: Leaving directory `C:/Users/DNShark/Documents/SnapBudget/mainapp/ListTest/arm'
make[1]: Leaving directory `C:/Users/DNShark/Documents/SnapBudget/mainapp/ListTest/arm'
11:30:47 **** Incremental Build of configuration Device-Debug for project ListTest ****
make -j4 Device-Debug 
C:/bbndk/host_10_2_0_15/win32/x86/usr/bin/make -C .//translations -f Makefile update
make[1]: Entering directory `C:/Users/DNShark/Documents/SnapBudget/mainapp/ListTest/translations'
C:/bbndk/host_10_2_0_15/win32/x86/usr/bin/lupdate ListTest.pro
C:/Users/DNShark/Documents/SnapBudget/mainapp/ListTest/assets/js/graph.js:74: 
Updating 'ListTest.ts'...
    Found 6 source text(s) (0 new and 6 already existing)
make[1]: Leaving directory `C:/Users/DNShark/Documents/SnapBudget/mainapp/ListTest/translations'
C:/bbndk/host_10_2_0_15/win32/x86/usr/bin/make -C .//translations -f Makefile release
make[1]: Entering directory `C:/Users/DNShark/Documents/SnapBudget/mainapp/ListTest/translations'
C:/bbndk/host_10_2_0_15/win32/x86/usr/bin/lrelease ListTest.pro
Updating 'C:/Users/DNShark/Documents/SnapBudget/mainapp/ListTest/translations/ListTest.qm'...
    Generated 0 translation(s) (0 finished and 0 unfinished)
    Ignored 6 untranslated source text(s)
make[1]: Leaving directory `C:/Users/DNShark/Documents/SnapBudget/mainapp/ListTest/translations'
C:/bbndk/host_10_2_0_15/win32/x86/usr/bin/make -C ./arm -f Makefile debug
make[1]: Entering directory `C:/Users/DNShark/Documents/SnapBudget/mainapp/ListTest/arm'
C:/bbndk/host_10_2_0_15/win32/x86/usr/bin/make -f Makefile.Debug
make[2]: Entering directory `C:/Users/DNShark/Documents/SnapBudget/mainapp/ListTest/arm'
make[2]: Nothing to be done for `first'.
make[2]: Leaving directory `C:/Users/DNShark/Documents/SnapBudget/mainapp/ListTest/arm'
make[1]: Leaving directory `C:/Users/DNShark/Documents/SnapBudget/mainapp/ListTest/arm'
11:30:56 **** Incremental Build of configuration Device-Debug for project ListTest ****
make -j4 Device-Debug 
C:/bbndk/host_10_2_0_15/win32/x86/usr/bin/make -C .//translations -f Makefile update
make[1]: Entering directory `C:/Users/DNShark/Documents/SnapBudget/mainapp/ListTest/translations'
C:/bbndk/host_10_2_0_15/win32/x86/usr/bin/lupdate ListTest.pro
C:/Users/DNShark/Documents/SnapBudget/mainapp/ListTest/assets/js/graph.js:74: 
Updating 'ListTest.ts'...
    Found 6 source text(s) (0 new and 6 already existing)
make[1]: Leaving directory `C:/Users/DNShark/Documents/SnapBudget/mainapp/ListTest/translations'
C:/bbndk/host_10_2_0_15/win32/x86/usr/bin/make -C .//translations -f Makefile release
make[1]: Entering directory `C:/Users/DNShark/Documents/SnapBudget/mainapp/ListTest/translations'
C:/bbndk/host_10_2_0_15/win32/x86/usr/bin/lrelease ListTest.pro
Updating 'C:/Users/DNShark/Documents/SnapBudget/mainapp/ListTest/translations/ListTest.qm'...
    Generated 0 translation(s) (0 finished and 0 unfinished)
    Ignored 6 untranslated source text(s)
make[1]: Leaving directory `C:/Users/DNShark/Documents/SnapBudget/mainapp/ListTest/translations'
C:/bbndk/host_10_2_0_15/win32/x86/usr/bin/make -C ./arm -f Makefile debug
make[1]: Entering directory `C:/Users/DNShark/Documents/SnapBudget/mainapp/ListTest/arm'
C:/bbndk/host_10_2_0_15/win32/x86/usr/bin/make -f Makefile.Debug
make[2]: Entering directory `C:/Users/DNShark/Documents/SnapBudget/mainapp/ListTest/arm'
make[2]: Nothing to be done for `first'.
make[2]: Leaving directory `C:/Users/DNShark/Documents/SnapBudget/mainapp/ListTest/arm'
make[1]: Leaving directory `C:/Users/DNShark/Documents/SnapBudget/mainapp/ListTest/arm'
11:47:59 **** Incremental Build of configuration Device-Debug for project ListTest ****
make -j4 Device-Debug 
C:/bbndk/host_10_2_0_15/win32/x86/usr/bin/make -C .//translations -f Makefile update
make[1]: Entering directory `C:/Users/DNShark/Documents/SnapBudget/mainapp/ListTest/translations'
C:/bbndk/host_10_2_0_15/win32/x86/usr/bin/lupdate ListTest.pro
C:/Users/DNShark/Documents/SnapBudget/mainapp/ListTest/assets/js/graph.js:74: 
Updating 'ListTest.ts'...
    Found 6 source text(s) (0 new and 6 already existing)
make[1]: Leaving directory `C:/Users/DNShark/Documents/SnapBudget/mainapp/ListTest/translations'
C:/bbndk/host_10_2_0_15/win32/x86/usr/bin/make -C .//translations -f Makefile release
make[1]: Entering directory `C:/Users/DNShark/Documents/SnapBudget/mainapp/ListTest/translations'
C:/bbndk/host_10_2_0_15/win32/x86/usr/bin/lrelease ListTest.pro
Updating 'C:/Users/DNShark/Documents/SnapBudget/mainapp/ListTest/translations/ListTest.qm'...
    Generated 0 translation(s) (0 finished and 0 unfinished)
    Ignored 6 untranslated source text(s)
make[1]: Leaving directory `C:/Users/DNShark/Documents/SnapBudget/mainapp/ListTest/translations'
C:/bbndk/host_10_2_0_15/win32/x86/usr/bin/make -C ./arm -f Makefile debug
make[1]: Entering directory `C:/Users/DNShark/Documents/SnapBudget/mainapp/ListTest/arm'
C:/bbndk/host_10_2_0_15/win32/x86/usr/bin/make -f Makefile.Debug
make[2]: Entering directory `C:/Users/DNShark/Documents/SnapBudget/mainapp/ListTest/arm'
qcc -Vgcc_ntoarmv7le -c -Wc,-include -Wc,o.le-v7-g/.obj/ListTest -Wno-psabi -lang-c++ -fstack-protector -fstack-protector-all -mcpu=cortex-a9 -g -Wno-psabi -Wall -W -D_REENTRANT -DQT_NO_IMPORT_QT47_QML -DQ_OS_BLACKBERRY -DQT_DECLARATIVE_DEBUG -DQT_DECLARATIVE_LIB -DQT_CORE_LIB -DQT_SHARED -Ic:/bbndk/target_10_2_0_1155/qnx6/usr/share/qt4/mkspecs/blackberry-armv7le-qcc -I../../ListTest -Ic:/bbndk/target_10_2_0_1155/qnx6/usr/include/qt4/QtCore -Ic:/bbndk/target_10_2_0_1155/qnx6/usr/include/qt4/QtDeclarative -Ic:/bbndk/target_10_2_0_1155/qnx6/usr/include/qt4 -I../src -Io.le-v7-g/.moc -Ic:/bbndk/target_10_2_0_1155/qnx6/usr/include -Ic:/bbndk/target_10_2_0_1155/qnx6/usr/include/freetype2 -I. -o o.le-v7-g/.obj/ListTest.o ../src/ListTest.cpp
../src/ListTest.cpp: In member function 'void ListTest::newPeriod(QString)':
../src/ListTest.cpp:847:8: warning: variable 'newStartDate' set but not used [-Wunused-but-set-variable]
../src/ListTest.cpp: At global scope:
../src/ListTest.cpp:1435:6: warning: unused parameter 'keyPressed' [-Wunused-parameter]
qcc -Vgcc_ntoarmv7le -lang-c++ -Wl,-rpath-link,C:/bbndk/target_10_2_0_1155/qnx6/armle-v7/lib -Wl,-rpath-link,C:/bbndk/target_10_2_0_1155/qnx6/armle-v7/usr/lib -Wl,-rpath-link,C:/bbndk/target_10_2_0_1155/qnx6/armle-v7/usr/lib/qt4/lib -o o.le-v7-g/ListTest o.le-v7-g/.obj/ListTest.o o.le-v7-g/.obj/applicationui.o o.le-v7-g/.obj/main.o o.le-v7-g/.obj/moc_ListTest.o o.le-v7-g/.obj/moc_applicationui.o    -LC:/bbndk/target_10_2_0_1155/qnx6/armle-v7/lib -LC:/bbndk/target_10_2_0_1155/qnx6/armle-v7/usr/lib -LC:/bbndk/target_10_2_0_1155/qnx6/armle-v7/usr/lib/qt4/lib -LC:/bbndk/target_10_2_0_1155/qnx6//usr/lib/qt4/lib -lbbdata -lbbdevice -lbbsystem -lbbplatform -lbbcascadesadvertisement -lbbcascades -lQtDeclarative -lQtScript -lQtSvg -lQtSql -lsqlite3 -lz -lQtXmlPatterns -lQtGui -lQtNetwork -lsocket -lQtCore -lm -lbps 
make[2]: Leaving directory `C:/Users/DNShark/Documents/SnapBudget/mainapp/ListTest/arm'
make[1]: Leaving directory `C:/Users/DNShark/Documents/SnapBudget/mainapp/ListTest/arm'
11:49:19 **** Incremental Build of configuration Device-Debug for project ListTest ****
make -j4 Device-Debug 
C:/bbndk/host_10_2_0_15/win32/x86/usr/bin/make -C .//translations -f Makefile update
make[1]: Entering directory `C:/Users/DNShark/Documents/SnapBudget/mainapp/ListTest/translations'
C:/bbndk/host_10_2_0_15/win32/x86/usr/bin/lupdate ListTest.pro
C:/Users/DNShark/Documents/SnapBudget/mainapp/ListTest/assets/js/graph.js:74: 
Updating 'ListTest.ts'...
    Found 6 source text(s) (0 new and 6 already existing)
make[1]: Leaving directory `C:/Users/DNShark/Documents/SnapBudget/mainapp/ListTest/translations'
C:/bbndk/host_10_2_0_15/win32/x86/usr/bin/make -C .//translations -f Makefile release
make[1]: Entering directory `C:/Users/DNShark/Documents/SnapBudget/mainapp/ListTest/translations'
C:/bbndk/host_10_2_0_15/win32/x86/usr/bin/lrelease ListTest.pro
Updating 'C:/Users/DNShark/Documents/SnapBudget/mainapp/ListTest/translations/ListTest.qm'...
    Generated 0 translation(s) (0 finished and 0 unfinished)
    Ignored 6 untranslated source text(s)
make[1]: Leaving directory `C:/Users/DNShark/Documents/SnapBudget/mainapp/ListTest/translations'
C:/bbndk/host_10_2_0_15/win32/x86/usr/bin/make -C ./arm -f Makefile debug
make[1]: Entering directory `C:/Users/DNShark/Documents/SnapBudget/mainapp/ListTest/arm'
C:/bbndk/host_10_2_0_15/win32/x86/usr/bin/make -f Makefile.Debug
make[2]: Entering directory `C:/Users/DNShark/Documents/SnapBudget/mainapp/ListTest/arm'
make[2]: Nothing to be done for `first'.
make[2]: Leaving directory `C:/Users/DNShark/Documents/SnapBudget/mainapp/ListTest/arm'
make[1]: Leaving directory `C:/Users/DNShark/Documents/SnapBudget/mainapp/ListTest/arm'
12:14:16 **** Incremental Build of configuration Device-Debug for project ListTest ****
make -j4 Device-Debug 
C:/bbndk/host_10_2_0_15/win32/x86/usr/bin/make -C .//translations -f Makefile update
make[1]: Entering directory `C:/Users/DNShark/Documents/SnapBudget/mainapp/ListTest/translations'
C:/bbndk/host_10_2_0_15/win32/x86/usr/bin/lupdate ListTest.pro
C:/Users/DNShark/Documents/SnapBudget/mainapp/ListTest/assets/js/graph.js:74: 
Updating 'ListTest.ts'...
    Found 6 source text(s) (0 new and 6 already existing)
make[1]: Leaving directory `C:/Users/DNShark/Documents/SnapBudget/mainapp/ListTest/translations'
C:/bbndk/host_10_2_0_15/win32/x86/usr/bin/make -C .//translations -f Makefile release
make[1]: Entering directory `C:/Users/DNShark/Documents/SnapBudget/mainapp/ListTest/translations'
C:/bbndk/host_10_2_0_15/win32/x86/usr/bin/lrelease ListTest.pro
Updating 'C:/Users/DNShark/Documents/SnapBudget/mainapp/ListTest/translations/ListTest.qm'...
    Generated 0 translation(s) (0 finished and 0 unfinished)
    Ignored 6 untranslated source text(s)
make[1]: Leaving directory `C:/Users/DNShark/Documents/SnapBudget/mainapp/ListTest/translations'
C:/bbndk/host_10_2_0_15/win32/x86/usr/bin/make -C ./arm -f Makefile debug
make[1]: Entering directory `C:/Users/DNShark/Documents/SnapBudget/mainapp/ListTest/arm'
C:/bbndk/host_10_2_0_15/win32/x86/usr/bin/make -f Makefile.Debug
make[2]: Entering directory `C:/Users/DNShark/Documents/SnapBudget/mainapp/ListTest/arm'
qcc -Vgcc_ntoarmv7le -c -Wc,-include -Wc,o.le-v7-g/.obj/ListTest -Wno-psabi -lang-c++ -fstack-protector -fstack-protector-all -mcpu=cortex-a9 -g -Wno-psabi -Wall -W -D_REENTRANT -DQT_NO_IMPORT_QT47_QML -DQ_OS_BLACKBERRY -DQT_DECLARATIVE_DEBUG -DQT_DECLARATIVE_LIB -DQT_CORE_LIB -DQT_SHARED -Ic:/bbndk/target_10_2_0_1155/qnx6/usr/share/qt4/mkspecs/blackberry-armv7le-qcc -I../../ListTest -Ic:/bbndk/target_10_2_0_1155/qnx6/usr/include/qt4/QtCore -Ic:/bbndk/target_10_2_0_1155/qnx6/usr/include/qt4/QtDeclarative -Ic:/bbndk/target_10_2_0_1155/qnx6/usr/include/qt4 -I../src -Io.le-v7-g/.moc -Ic:/bbndk/target_10_2_0_1155/qnx6/usr/include -Ic:/bbndk/target_10_2_0_1155/qnx6/usr/include/freetype2 -I. -o o.le-v7-g/.obj/ListTest.o ../src/ListTest.cpp
../src/ListTest.cpp: In member function 'void ListTest::newPeriod(QString)':
../src/ListTest.cpp:847:8: warning: variable 'newStartDate' set but not used [-Wunused-but-set-variable]
../src/ListTest.cpp: In member function 'void ListTest::updatePeriodView()':
../src/ListTest.cpp:1279:2: error: expected ';' before 'periodModel'
../src/ListTest.cpp:1281:1: error: expected ';' before '}' token
../src/ListTest.cpp: At global scope:
../src/ListTest.cpp:1437:6: warning: unused parameter 'keyPressed' [-Wunused-parameter]
cc: C:/bbndk/host_10_2_0_15/win32/x86/usr/lib/gcc/arm-unknown-nto-qnx8.0.0eabi/4.6.3/cc1plus caught signal 1
make[2]: Leaving directory `C:/Users/DNShark/Documents/SnapBudget/mainapp/ListTest/arm'
make[2]: *** [o.le-v7-g/.obj/ListTest.o] Error 1
make[1]: Leaving directory `C:/Users/DNShark/Documents/SnapBudget/mainapp/ListTest/arm'
make[1]: *** [debug] Error 2
make: *** [Device-Debug] Error 2
12:14:30 **** Incremental Build of configuration Device-Debug for project ListTest ****
make -j4 Device-Debug 
C:/bbndk/host_10_2_0_15/win32/x86/usr/bin/make -C .//translations -f Makefile update
make[1]: Entering directory `C:/Users/DNShark/Documents/SnapBudget/mainapp/ListTest/translations'
C:/bbndk/host_10_2_0_15/win32/x86/usr/bin/lupdate ListTest.pro
C:/Users/DNShark/Documents/SnapBudget/mainapp/ListTest/assets/js/graph.js:74: 
Updating 'ListTest.ts'...
    Found 6 source text(s) (0 new and 6 already existing)
make[1]: Leaving directory `C:/Users/DNShark/Documents/SnapBudget/mainapp/ListTest/translations'
C:/bbndk/host_10_2_0_15/win32/x86/usr/bin/make -C .//translations -f Makefile release
make[1]: Entering directory `C:/Users/DNShark/Documents/SnapBudget/mainapp/ListTest/translations'
C:/bbndk/host_10_2_0_15/win32/x86/usr/bin/lrelease ListTest.pro
Updating 'C:/Users/DNShark/Documents/SnapBudget/mainapp/ListTest/translations/ListTest.qm'...
    Generated 0 translation(s) (0 finished and 0 unfinished)
    Ignored 6 untranslated source text(s)
make[1]: Leaving directory `C:/Users/DNShark/Documents/SnapBudget/mainapp/ListTest/translations'
C:/bbndk/host_10_2_0_15/win32/x86/usr/bin/make -C ./arm -f Makefile debug
make[1]: Entering directory `C:/Users/DNShark/Documents/SnapBudget/mainapp/ListTest/arm'
C:/bbndk/host_10_2_0_15/win32/x86/usr/bin/make -f Makefile.Debug
make[2]: Entering directory `C:/Users/DNShark/Documents/SnapBudget/mainapp/ListTest/arm'
qcc -Vgcc_ntoarmv7le -c -Wc,-include -Wc,o.le-v7-g/.obj/ListTest -Wno-psabi -lang-c++ -fstack-protector -fstack-protector-all -mcpu=cortex-a9 -g -Wno-psabi -Wall -W -D_REENTRANT -DQT_NO_IMPORT_QT47_QML -DQ_OS_BLACKBERRY -DQT_DECLARATIVE_DEBUG -DQT_DECLARATIVE_LIB -DQT_CORE_LIB -DQT_SHARED -Ic:/bbndk/target_10_2_0_1155/qnx6/usr/share/qt4/mkspecs/blackberry-armv7le-qcc -I../../ListTest -Ic:/bbndk/target_10_2_0_1155/qnx6/usr/include/qt4/QtCore -Ic:/bbndk/target_10_2_0_1155/qnx6/usr/include/qt4/QtDeclarative -Ic:/bbndk/target_10_2_0_1155/qnx6/usr/include/qt4 -I../src -Io.le-v7-g/.moc -Ic:/bbndk/target_10_2_0_1155/qnx6/usr/include -Ic:/bbndk/target_10_2_0_1155/qnx6/usr/include/freetype2 -I. -o o.le-v7-g/.obj/ListTest.o ../src/ListTest.cpp
../src/ListTest.cpp: In member function 'void ListTest::newPeriod(QString)':
../src/ListTest.cpp:847:8: warning: variable 'newStartDate' set but not used [-Wunused-but-set-variable]
../src/ListTest.cpp: At global scope:
../src/ListTest.cpp:1437:6: warning: unused parameter 'keyPressed' [-Wunused-parameter]
qcc -Vgcc_ntoarmv7le -lang-c++ -Wl,-rpath-link,C:/bbndk/target_10_2_0_1155/qnx6/armle-v7/lib -Wl,-rpath-link,C:/bbndk/target_10_2_0_1155/qnx6/armle-v7/usr/lib -Wl,-rpath-link,C:/bbndk/target_10_2_0_1155/qnx6/armle-v7/usr/lib/qt4/lib -o o.le-v7-g/ListTest o.le-v7-g/.obj/ListTest.o o.le-v7-g/.obj/applicationui.o o.le-v7-g/.obj/main.o o.le-v7-g/.obj/moc_ListTest.o o.le-v7-g/.obj/moc_applicationui.o    -LC:/bbndk/target_10_2_0_1155/qnx6/armle-v7/lib -LC:/bbndk/target_10_2_0_1155/qnx6/armle-v7/usr/lib -LC:/bbndk/target_10_2_0_1155/qnx6/armle-v7/usr/lib/qt4/lib -LC:/bbndk/target_10_2_0_1155/qnx6//usr/lib/qt4/lib -lbbdata -lbbdevice -lbbsystem -lbbplatform -lbbcascadesadvertisement -lbbcascades -lQtDeclarative -lQtScript -lQtSvg -lQtSql -lsqlite3 -lz -lQtXmlPatterns -lQtGui -lQtNetwork -lsocket -lQtCore -lm -lbps 
make[2]: Leaving directory `C:/Users/DNShark/Documents/SnapBudget/mainapp/ListTest/arm'
make[1]: Leaving directory `C:/Users/DNShark/Documents/SnapBudget/mainapp/ListTest/arm'
12:29:56 **** Incremental Build of configuration Device-Debug for project ListTest ****
make -j4 Device-Debug 
C:/bbndk/host_10_2_0_15/win32/x86/usr/bin/make -C .//translations -f Makefile update
make[1]: Entering directory `C:/Users/DNShark/Documents/SnapBudget/mainapp/ListTest/translations'
C:/bbndk/host_10_2_0_15/win32/x86/usr/bin/lupdate ListTest.pro
C:/Users/DNShark/Documents/SnapBudget/mainapp/ListTest/assets/js/graph.js:74: 
Updating 'ListTest.ts'...
    Found 6 source text(s) (0 new and 6 already existing)
make[1]: Leaving directory `C:/Users/DNShark/Documents/SnapBudget/mainapp/ListTest/translations'
C:/bbndk/host_10_2_0_15/win32/x86/usr/bin/make -C .//translations -f Makefile release
make[1]: Entering directory `C:/Users/DNShark/Documents/SnapBudget/mainapp/ListTest/translations'
C:/bbndk/host_10_2_0_15/win32/x86/usr/bin/lrelease ListTest.pro
Updating 'C:/Users/DNShark/Documents/SnapBudget/mainapp/ListTest/translations/ListTest.qm'...
    Generated 0 translation(s) (0 finished and 0 unfinished)
    Ignored 6 untranslated source text(s)
make[1]: Leaving directory `C:/Users/DNShark/Documents/SnapBudget/mainapp/ListTest/translations'
C:/bbndk/host_10_2_0_15/win32/x86/usr/bin/make -C ./arm -f Makefile debug
make[1]: Entering directory `C:/Users/DNShark/Documents/SnapBudget/mainapp/ListTest/arm'
C:/bbndk/host_10_2_0_15/win32/x86/usr/bin/make -f Makefile.Debug
make[2]: Entering directory `C:/Users/DNShark/Documents/SnapBudget/mainapp/ListTest/arm'
qcc -Vgcc_ntoarmv7le -c -Wc,-include -Wc,o.le-v7-g/.obj/ListTest -Wno-psabi -lang-c++ -fstack-protector -fstack-protector-all -mcpu=cortex-a9 -g -Wno-psabi -Wall -W -D_REENTRANT -DQT_NO_IMPORT_QT47_QML -DQ_OS_BLACKBERRY -DQT_DECLARATIVE_DEBUG -DQT_DECLARATIVE_LIB -DQT_CORE_LIB -DQT_SHARED -Ic:/bbndk/target_10_2_0_1155/qnx6/usr/share/qt4/mkspecs/blackberry-armv7le-qcc -I../../ListTest -Ic:/bbndk/target_10_2_0_1155/qnx6/usr/include/qt4/QtCore -Ic:/bbndk/target_10_2_0_1155/qnx6/usr/include/qt4/QtDeclarative -Ic:/bbndk/target_10_2_0_1155/qnx6/usr/include/qt4 -I../src -Io.le-v7-g/.moc -Ic:/bbndk/target_10_2_0_1155/qnx6/usr/include -Ic:/bbndk/target_10_2_0_1155/qnx6/usr/include/freetype2 -I. -o o.le-v7-g/.obj/ListTest.o ../src/ListTest.cpp
../src/ListTest.cpp: In member function 'void ListTest::newPeriod(QString)':
../src/ListTest.cpp:847:8: warning: variable 'newStartDate' set but not used [-Wunused-but-set-variable]
../src/ListTest.cpp: At global scope:
../src/ListTest.cpp:1437:6: warning: unused parameter 'keyPressed' [-Wunused-parameter]
../src/ListTest.cpp: In member function 'void ListTest::setUpPeriodListModel()':
../src/ListTest.cpp:2037:39: error: no match for 'operator+' in '"Before insert list: " + ((ListTest*)this)->ListTest::periodList'
../src/ListTest.cpp:2037:39: note: candidates are:
c:/bbndk/target_10_2_0_1155/qnx6/usr/include/qt4/QtCore/qbytearray.h:564:25: note: const QByteArray operator+(const QByteArray&, const QByteArray&)
c:/bbndk/target_10_2_0_1155/qnx6/usr/include/qt4/QtCore/qbytearray.h:564:25: note:   no known conversion for argument 2 from 'QVariantList {aka QList<QVariant>}' to 'const QByteArray&'
c:/bbndk/target_10_2_0_1155/qnx6/usr/include/qt4/QtCore/qbytearray.h:566:25: note: const QByteArray operator+(const QByteArray&, const char*)
c:/bbndk/target_10_2_0_1155/qnx6/usr/include/qt4/QtCore/qbytearray.h:566:25: note:   no known conversion for argument 2 from 'QVariantList {aka QList<QVariant>}' to 'const char*'
c:/bbndk/target_10_2_0_1155/qnx6/usr/include/qt4/QtCore/qbytearray.h:568:25: note: const QByteArray operator+(const QByteArray&, char)
c:/bbndk/target_10_2_0_1155/qnx6/usr/include/qt4/QtCore/qbytearray.h:568:25: note:   no known conversion for argument 2 from 'QVariantList {aka QList<QVariant>}' to 'char'
c:/bbndk/target_10_2_0_1155/qnx6/usr/include/qt4/QtCore/qbytearray.h:570:25: note: const QByteArray operator+(const char*, const QByteArray&)
c:/bbndk/target_10_2_0_1155/qnx6/usr/include/qt4/QtCore/qbytearray.h:570:25: note:   no known conversion for argument 2 from 'QVariantList {aka QList<QVariant>}' to 'const QByteArray&'
c:/bbndk/target_10_2_0_1155/qnx6/usr/include/qt4/QtCore/qbytearray.h:572:25: note: const QByteArray operator+(char, const QByteArray&)
c:/bbndk/target_10_2_0_1155/qnx6/usr/include/qt4/QtCore/qbytearray.h:572:25: note:   no known conversion for argument 2 from 'QVariantList {aka QList<QVariant>}' to 'const QByteArray&'
c:/bbndk/target_10_2_0_1155/qnx6/usr/include/qt4/QtCore/qstring.h:1021:22: note: const QString operator+(const QString&, const QString&)
c:/bbndk/target_10_2_0_1155/qnx6/usr/include/qt4/QtCore/qstring.h:1021:22: note:   no known conversion for argument 2 from 'QVariantList {aka QList<QVariant>}' to 'const QString&'
c:/bbndk/target_10_2_0_1155/qnx6/usr/include/qt4/QtCore/qstring.h:1023:22: note: const QString operator+(const QString&, QChar)
c:/bbndk/target_10_2_0_1155/qnx6/usr/include/qt4/QtCore/qstring.h:1023:22: note:   no known conversion for argument 2 from 'QVariantList {aka QList<QVariant>}' to 'QChar'
c:/bbndk/target_10_2_0_1155/qnx6/usr/include/qt4/QtCore/qstring.h:1025:22: note: const QString operator+(QChar, const QString&)
c:/bbndk/target_10_2_0_1155/qnx6/usr/include/qt4/QtCore/qstring.h:1025:22: note:   no known conversion for argument 2 from 'QVariantList {aka QList<QVariant>}' to 'const QString&'
c:/bbndk/target_10_2_0_1155/qnx6/usr/include/qt4/QtCore/qstring.h:1028:41: note: const QString operator+(const QString&, const char*)
c:/bbndk/target_10_2_0_1155/qnx6/usr/include/qt4/QtCore/qstring.h:1028:41: note:   no known conversion for argument 2 from 'QVariantList {aka QList<QVariant>}' to 'const char*'
c:/bbndk/target_10_2_0_1155/qnx6/usr/include/qt4/QtCore/qstring.h:1030:41: note: const QString operator+(const char*, const QString&)
c:/bbndk/target_10_2_0_1155/qnx6/usr/include/qt4/QtCore/qstring.h:1030:41: note:   no known conversion for argument 2 from 'QVariantList {aka QList<QVariant>}' to 'const QString&'
c:/bbndk/target_10_2_0_1155/qnx6/usr/include/qt4/QtCore/qstring.h:1032:41: note: const QString operator+(char, const QString&)
c:/bbndk/target_10_2_0_1155/qnx6/usr/include/qt4/QtCore/qstring.h:1032:41: note:   no known conversion for argument 2 from 'QVariantList {aka QList<QVariant>}' to 'const QString&'
c:/bbndk/target_10_2_0_1155/qnx6/usr/include/qt4/QtCore/qstring.h:1034:41: note: const QString operator+(const QString&, char)
c:/bbndk/target_10_2_0_1155/qnx6/usr/include/qt4/QtCore/qstring.h:1034:41: note:   no known conversion for argument 2 from 'QVariantList {aka QList<QVariant>}' to 'char'
c:/bbndk/target_10_2_0_1155/qnx6/usr/include/qt4/QtCore/qstring.h:1036:41: note: const QString operator+(const QByteArray&, const QString&)
c:/bbndk/target_10_2_0_1155/qnx6/usr/include/qt4/QtCore/qstring.h:1036:41: note:   no known conversion for argument 2 from 'QVariantList {aka QList<QVariant>}' to 'const QString&'
c:/bbndk/target_10_2_0_1155/qnx6/usr/include/qt4/QtCore/qstring.h:1038:41: note: const QString operator+(const QString&, const QByteArray&)
c:/bbndk/target_10_2_0_1155/qnx6/usr/include/qt4/QtCore/qstring.h:1038:41: note:   no known conversion for argument 2 from 'QVariantList {aka QList<QVariant>}' to 'const QByteArray&'
c:/bbndk/target_10_2_0_1155/qnx6/usr/include/qt4/QtCore/qpoint.h:167:21: note: const QPoint operator+(const QPoint&, const QPoint&)
c:/bbndk/target_10_2_0_1155/qnx6/usr/include/qt4/QtCore/qpoint.h:167:21: note:   no known conversion for argument 1 from 'const char [21]' to 'const QPoint&'
c:/bbndk/target_10_2_0_1155/qnx6/usr/include/qt4/QtCore/qpoint.h:339:22: note: const QPointF operator+(const QPointF&, const QPointF&)
c:/bbndk/target_10_2_0_1155/qnx6/usr/include/qt4/QtCore/qpoint.h:339:22: note:   no known conversion for argument 1 from 'const char [21]' to 'const QPointF&'
c:/bbndk/target_10_2_0_1155/qnx6/usr/include/qt4/QtCore/qsize.h:162:20: note: const QSize operator+(const QSize&, const QSize&)
make[2]: Leaving directory `C:/Users/DNShark/Documents/SnapBudget/mainapp/ListTest/arm'
c:/bbndk/target_10_2_0_1155/qnx6/usr/include/qt4/QtCore/qsize.h:162:20: note:   no known conversion for argument 1 from 'const char [21]' to 'const QSize&'
make[1]: Leaving directory `C:/Users/DNShark/Documents/SnapBudget/mainapp/ListTest/arm'
c:/bbndk/target_10_2_0_1155/qnx6/usr/include/qt4/QtCore/qsize.h:320:21: note: const QSizeF operator+(const QSizeF&, const QSizeF&)
c:/bbndk/target_10_2_0_1155/qnx6/usr/include/qt4/QtCore/qsize.h:320:21: note:   no known conversion for argument 1 from 'const char [21]' to 'const QSizeF&'
c:/bbndk/target_10_2_0_1155/qnx6/usr/include/qt4/QtGui/qtransform.h:386:32: note: QTransform operator+(const QTransform&, qreal)
c:/bbndk/target_10_2_0_1155/qnx6/usr/include/qt4/QtGui/qtransform.h:386:32: note:   no known conversion for argument 2 from 'QVariantList {aka QList<QVariant>}' to 'qreal {aka float}'
c:/bbndk/target_10_2_0_1155/qnx6/usr/include/qt4/QtGui/qgenericmatrix.h:257:46: note: template<int N, int M, class T> QGenericMatrix<N, M, T> operator+(const QGenericMatrix<N, M, T>&, const QGenericMatrix<N, M, T>&)
c:/bbndk/target_10_2_0_1155/qnx6/usr/include/qt4/QtGui/qvector3d.h:219:24: note: const QVector3D operator+(const QVector3D&, const QVector3D&)
c:/bbndk/target_10_2_0_1155/qnx6/usr/include/qt4/QtGui/qvector3d.h:219:24: note:   no known conversion for argument 1 from 'const char [21]' to 'const QVector3D&'
c:/bbndk/target_10_2_0_1155/qnx6/usr/include/qt4/QtGui/qvector4d.h:223:24: note: const QVector4D operator+(const QVector4D&, const QVector4D&)
c:/bbndk/target_10_2_0_1155/qnx6/usr/include/qt4/QtGui/qvector4d.h:223:24: note:   no known conversion for argument 1 from 'const char [21]' to 'const QVector4D&'
c:/bbndk/target_10_2_0_1155/qnx6/usr/include/qt4/QtGui/qquaternion.h:239:26: note: const QQuaternion operator+(const QQuaternion&, const QQuaternion&)
c:/bbndk/target_10_2_0_1155/qnx6/usr/include/qt4/QtGui/qquaternion.h:239:26: note:   no known conversion for argument 1 from 'const char [21]' to 'const QQuaternion&'
c:/bbndk/target_10_2_0_1155/qnx6/usr/include/qt4/QtGui/qmatrix4x4.h:485:19: note: QMatrix4x4 operator+(const QMatrix4x4&, const QMatrix4x4&)
c:/bbndk/target_10_2_0_1155/qnx6/usr/include/qt4/QtGui/qmatrix4x4.h:485:19: note:   no known conversion for argument 2 from 'QVariantList {aka QList<QVariant>}' to 'const QMatrix4x4&'
c:/bbndk/target_10_2_0_1155/qnx6/usr/include/qt4/QtGui/qvector2d.h:197:24: note: const QVector2D operator+(const QVector2D&, const QVector2D&)
c:/bbndk/target_10_2_0_1155/qnx6/usr/include/qt4/QtGui/qvector2d.h:197:24: note:   no known conversion for argument 1 from 'const char [21]' to 'const QVector2D&'
cc: C:/bbndk/host_10_2_0_15/win32/x86/usr/lib/gcc/arm-unknown-nto-qnx8.0.0eabi/4.6.3/cc1plus caught signal 1
make[2]: *** [o.le-v7-g/.obj/ListTest.o] Error 1
make[1]: *** [debug] Error 2
make: *** [Device-Debug] Error 2
12:32:44 **** Incremental Build of configuration Device-Debug for project ListTest ****
make -j4 Device-Debug 
C:/bbndk/host_10_2_0_15/win32/x86/usr/bin/make -C .//translations -f Makefile update
make[1]: Entering directory `C:/Users/DNShark/Documents/SnapBudget/mainapp/ListTest/translations'
C:/bbndk/host_10_2_0_15/win32/x86/usr/bin/lupdate ListTest.pro
C:/Users/DNShark/Documents/SnapBudget/mainapp/ListTest/assets/js/graph.js:74: 
Updating 'ListTest.ts'...
    Found 6 source text(s) (0 new and 6 already existing)
make[1]: Leaving directory `C:/Users/DNShark/Documents/SnapBudget/mainapp/ListTest/translations'
C:/bbndk/host_10_2_0_15/win32/x86/usr/bin/make -C .//translations -f Makefile release
make[1]: Entering directory `C:/Users/DNShark/Documents/SnapBudget/mainapp/ListTest/translations'
C:/bbndk/host_10_2_0_15/win32/x86/usr/bin/lrelease ListTest.pro
Updating 'C:/Users/DNShark/Documents/SnapBudget/mainapp/ListTest/translations/ListTest.qm'...
    Generated 0 translation(s) (0 finished and 0 unfinished)
    Ignored 6 untranslated source text(s)
make[1]: Leaving directory `C:/Users/DNShark/Documents/SnapBudget/mainapp/ListTest/translations'
C:/bbndk/host_10_2_0_15/win32/x86/usr/bin/make -C ./arm -f Makefile debug
make[1]: Entering directory `C:/Users/DNShark/Documents/SnapBudget/mainapp/ListTest/arm'
C:/bbndk/host_10_2_0_15/win32/x86/usr/bin/make -f Makefile.Debug
make[2]: Entering directory `C:/Users/DNShark/Documents/SnapBudget/mainapp/ListTest/arm'
qcc -Vgcc_ntoarmv7le -c -Wc,-include -Wc,o.le-v7-g/.obj/ListTest -Wno-psabi -lang-c++ -fstack-protector -fstack-protector-all -mcpu=cortex-a9 -g -Wno-psabi -Wall -W -D_REENTRANT -DQT_NO_IMPORT_QT47_QML -DQ_OS_BLACKBERRY -DQT_DECLARATIVE_DEBUG -DQT_DECLARATIVE_LIB -DQT_CORE_LIB -DQT_SHARED -Ic:/bbndk/target_10_2_0_1155/qnx6/usr/share/qt4/mkspecs/blackberry-armv7le-qcc -I../../ListTest -Ic:/bbndk/target_10_2_0_1155/qnx6/usr/include/qt4/QtCore -Ic:/bbndk/target_10_2_0_1155/qnx6/usr/include/qt4/QtDeclarative -Ic:/bbndk/target_10_2_0_1155/qnx6/usr/include/qt4 -I../src -Io.le-v7-g/.moc -Ic:/bbndk/target_10_2_0_1155/qnx6/usr/include -Ic:/bbndk/target_10_2_0_1155/qnx6/usr/include/freetype2 -I. -o o.le-v7-g/.obj/ListTest.o ../src/ListTest.cpp
../src/ListTest.cpp: In member function 'void ListTest::newPeriod(QString)':
../src/ListTest.cpp:847:8: warning: variable 'newStartDate' set but not used [-Wunused-but-set-variable]
../src/ListTest.cpp: At global scope:
../src/ListTest.cpp:1437:6: warning: unused parameter 'keyPressed' [-Wunused-parameter]
qcc -Vgcc_ntoarmv7le -lang-c++ -Wl,-rpath-link,C:/bbndk/target_10_2_0_1155/qnx6/armle-v7/lib -Wl,-rpath-link,C:/bbndk/target_10_2_0_1155/qnx6/armle-v7/usr/lib -Wl,-rpath-link,C:/bbndk/target_10_2_0_1155/qnx6/armle-v7/usr/lib/qt4/lib -o o.le-v7-g/ListTest o.le-v7-g/.obj/ListTest.o o.le-v7-g/.obj/applicationui.o o.le-v7-g/.obj/main.o o.le-v7-g/.obj/moc_ListTest.o o.le-v7-g/.obj/moc_applicationui.o    -LC:/bbndk/target_10_2_0_1155/qnx6/armle-v7/lib -LC:/bbndk/target_10_2_0_1155/qnx6/armle-v7/usr/lib -LC:/bbndk/target_10_2_0_1155/qnx6/armle-v7/usr/lib/qt4/lib -LC:/bbndk/target_10_2_0_1155/qnx6//usr/lib/qt4/lib -lbbdata -lbbdevice -lbbsystem -lbbplatform -lbbcascadesadvertisement -lbbcascades -lQtDeclarative -lQtScript -lQtSvg -lQtSql -lsqlite3 -lz -lQtXmlPatterns -lQtGui -lQtNetwork -lsocket -lQtCore -lm -lbps 
make[2]: Leaving directory `C:/Users/DNShark/Documents/SnapBudget/mainapp/ListTest/arm'
make[1]: Leaving directory `C:/Users/DNShark/Documents/SnapBudget/mainapp/ListTest/arm'
12:34:46 **** Incremental Build of configuration Device-Debug for project ListTest ****
make -j4 Device-Debug 
C:/bbndk/host_10_2_0_15/win32/x86/usr/bin/make -C .//translations -f Makefile update
make[1]: Entering directory `C:/Users/DNShark/Documents/SnapBudget/mainapp/ListTest/translations'
C:/bbndk/host_10_2_0_15/win32/x86/usr/bin/lupdate ListTest.pro
C:/Users/DNShark/Documents/SnapBudget/mainapp/ListTest/assets/js/graph.js:74: 
Updating 'ListTest.ts'...
    Found 6 source text(s) (0 new and 6 already existing)
make[1]: Leaving directory `C:/Users/DNShark/Documents/SnapBudget/mainapp/ListTest/translations'
C:/bbndk/host_10_2_0_15/win32/x86/usr/bin/make -C .//translations -f Makefile release
make[1]: Entering directory `C:/Users/DNShark/Documents/SnapBudget/mainapp/ListTest/translations'
C:/bbndk/host_10_2_0_15/win32/x86/usr/bin/lrelease ListTest.pro
Updating 'C:/Users/DNShark/Documents/SnapBudget/mainapp/ListTest/translations/ListTest.qm'...
    Generated 0 translation(s) (0 finished and 0 unfinished)
    Ignored 6 untranslated source text(s)
make[1]: Leaving directory `C:/Users/DNShark/Documents/SnapBudget/mainapp/ListTest/translations'
C:/bbndk/host_10_2_0_15/win32/x86/usr/bin/make -C ./arm -f Makefile debug
make[1]: Entering directory `C:/Users/DNShark/Documents/SnapBudget/mainapp/ListTest/arm'
C:/bbndk/host_10_2_0_15/win32/x86/usr/bin/make -f Makefile.Debug
make[2]: Entering directory `C:/Users/DNShark/Documents/SnapBudget/mainapp/ListTest/arm'
make[2]: Nothing to be done for `first'.
make[2]: Leaving directory `C:/Users/DNShark/Documents/SnapBudget/mainapp/ListTest/arm'
make[1]: Leaving directory `C:/Users/DNShark/Documents/SnapBudget/mainapp/ListTest/arm'
12:38:18 **** Incremental Build of configuration Device-Debug for project ListTest ****
make -j4 Device-Debug 
C:/bbndk/host_10_2_0_15/win32/x86/usr/bin/make -C .//translations -f Makefile update
make[1]: Entering directory `C:/Users/DNShark/Documents/SnapBudget/mainapp/ListTest/translations'
C:/bbndk/host_10_2_0_15/win32/x86/usr/bin/lupdate ListTest.pro
C:/Users/DNShark/Documents/SnapBudget/mainapp/ListTest/assets/js/graph.js:74: 
Updating 'ListTest.ts'...
    Found 6 source text(s) (0 new and 6 already existing)
make[1]: Leaving directory `C:/Users/DNShark/Documents/SnapBudget/mainapp/ListTest/translations'
C:/bbndk/host_10_2_0_15/win32/x86/usr/bin/make -C .//translations -f Makefile release
make[1]: Entering directory `C:/Users/DNShark/Documents/SnapBudget/mainapp/ListTest/translations'
C:/bbndk/host_10_2_0_15/win32/x86/usr/bin/lrelease ListTest.pro
Updating 'C:/Users/DNShark/Documents/SnapBudget/mainapp/ListTest/translations/ListTest.qm'...
    Generated 0 translation(s) (0 finished and 0 unfinished)
    Ignored 6 untranslated source text(s)
make[1]: Leaving directory `C:/Users/DNShark/Documents/SnapBudget/mainapp/ListTest/translations'
C:/bbndk/host_10_2_0_15/win32/x86/usr/bin/make -C ./arm -f Makefile debug
make[1]: Entering directory `C:/Users/DNShark/Documents/SnapBudget/mainapp/ListTest/arm'
C:/bbndk/host_10_2_0_15/win32/x86/usr/bin/make -f Makefile.Debug
make[2]: Entering directory `C:/Users/DNShark/Documents/SnapBudget/mainapp/ListTest/arm'
qcc -Vgcc_ntoarmv7le -c -Wc,-include -Wc,o.le-v7-g/.obj/ListTest -Wno-psabi -lang-c++ -fstack-protector -fstack-protector-all -mcpu=cortex-a9 -g -Wno-psabi -Wall -W -D_REENTRANT -DQT_NO_IMPORT_QT47_QML -DQ_OS_BLACKBERRY -DQT_DECLARATIVE_DEBUG -DQT_DECLARATIVE_LIB -DQT_CORE_LIB -DQT_SHARED -Ic:/bbndk/target_10_2_0_1155/qnx6/usr/share/qt4/mkspecs/blackberry-armv7le-qcc -I../../ListTest -Ic:/bbndk/target_10_2_0_1155/qnx6/usr/include/qt4/QtCore -Ic:/bbndk/target_10_2_0_1155/qnx6/usr/include/qt4/QtDeclarative -Ic:/bbndk/target_10_2_0_1155/qnx6/usr/include/qt4 -I../src -Io.le-v7-g/.moc -Ic:/bbndk/target_10_2_0_1155/qnx6/usr/include -Ic:/bbndk/target_10_2_0_1155/qnx6/usr/include/freetype2 -I. -o o.le-v7-g/.obj/ListTest.o ../src/ListTest.cpp
../src/ListTest.cpp: In member function 'void ListTest::newPeriod(QString)':
../src/ListTest.cpp:847:8: warning: variable 'newStartDate' set but not used [-Wunused-but-set-variable]
../src/ListTest.cpp: At global scope:
../src/ListTest.cpp:1437:6: warning: unused parameter 'keyPressed' [-Wunused-parameter]
qcc -Vgcc_ntoarmv7le -lang-c++ -Wl,-rpath-link,C:/bbndk/target_10_2_0_1155/qnx6/armle-v7/lib -Wl,-rpath-link,C:/bbndk/target_10_2_0_1155/qnx6/armle-v7/usr/lib -Wl,-rpath-link,C:/bbndk/target_10_2_0_1155/qnx6/armle-v7/usr/lib/qt4/lib -o o.le-v7-g/ListTest o.le-v7-g/.obj/ListTest.o o.le-v7-g/.obj/applicationui.o o.le-v7-g/.obj/main.o o.le-v7-g/.obj/moc_ListTest.o o.le-v7-g/.obj/moc_applicationui.o    -LC:/bbndk/target_10_2_0_1155/qnx6/armle-v7/lib -LC:/bbndk/target_10_2_0_1155/qnx6/armle-v7/usr/lib -LC:/bbndk/target_10_2_0_1155/qnx6/armle-v7/usr/lib/qt4/lib -LC:/bbndk/target_10_2_0_1155/qnx6//usr/lib/qt4/lib -lbbdata -lbbdevice -lbbsystem -lbbplatform -lbbcascadesadvertisement -lbbcascades -lQtDeclarative -lQtScript -lQtSvg -lQtSql -lsqlite3 -lz -lQtXmlPatterns -lQtGui -lQtNetwork -lsocket -lQtCore -lm -lbps 
make[2]: Leaving directory `C:/Users/DNShark/Documents/SnapBudget/mainapp/ListTest/arm'
make[1]: Leaving directory `C:/Users/DNShark/Documents/SnapBudget/mainapp/ListTest/arm'
12:41:43 **** Incremental Build of configuration Device-Debug for project ListTest ****
make -j4 Device-Debug 
C:/bbndk/host_10_2_0_15/win32/x86/usr/bin/make -C .//translations -f Makefile update
make[1]: Entering directory `C:/Users/DNShark/Documents/SnapBudget/mainapp/ListTest/translations'
C:/bbndk/host_10_2_0_15/win32/x86/usr/bin/lupdate ListTest.pro
C:/Users/DNShark/Documents/SnapBudget/mainapp/ListTest/assets/js/graph.js:74: 
Updating 'ListTest.ts'...
    Found 6 source text(s) (0 new and 6 already existing)
make[1]: Leaving directory `C:/Users/DNShark/Documents/SnapBudget/mainapp/ListTest/translations'
C:/bbndk/host_10_2_0_15/win32/x86/usr/bin/make -C .//translations -f Makefile release
make[1]: Entering directory `C:/Users/DNShark/Documents/SnapBudget/mainapp/ListTest/translations'
C:/bbndk/host_10_2_0_15/win32/x86/usr/bin/lrelease ListTest.pro
Updating 'C:/Users/DNShark/Documents/SnapBudget/mainapp/ListTest/translations/ListTest.qm'...
    Generated 0 translation(s) (0 finished and 0 unfinished)
    Ignored 6 untranslated source text(s)
make[1]: Leaving directory `C:/Users/DNShark/Documents/SnapBudget/mainapp/ListTest/translations'
C:/bbndk/host_10_2_0_15/win32/x86/usr/bin/make -C ./arm -f Makefile debug
make[1]: Entering directory `C:/Users/DNShark/Documents/SnapBudget/mainapp/ListTest/arm'
C:/bbndk/host_10_2_0_15/win32/x86/usr/bin/make -f Makefile.Debug
make[2]: Entering directory `C:/Users/DNShark/Documents/SnapBudget/mainapp/ListTest/arm'
qcc -Vgcc_ntoarmv7le -c -Wc,-include -Wc,o.le-v7-g/.obj/ListTest -Wno-psabi -lang-c++ -fstack-protector -fstack-protector-all -mcpu=cortex-a9 -g -Wno-psabi -Wall -W -D_REENTRANT -DQT_NO_IMPORT_QT47_QML -DQ_OS_BLACKBERRY -DQT_DECLARATIVE_DEBUG -DQT_DECLARATIVE_LIB -DQT_CORE_LIB -DQT_SHARED -Ic:/bbndk/target_10_2_0_1155/qnx6/usr/share/qt4/mkspecs/blackberry-armv7le-qcc -I../../ListTest -Ic:/bbndk/target_10_2_0_1155/qnx6/usr/include/qt4/QtCore -Ic:/bbndk/target_10_2_0_1155/qnx6/usr/include/qt4/QtDeclarative -Ic:/bbndk/target_10_2_0_1155/qnx6/usr/include/qt4 -I../src -Io.le-v7-g/.moc -Ic:/bbndk/target_10_2_0_1155/qnx6/usr/include -Ic:/bbndk/target_10_2_0_1155/qnx6/usr/include/freetype2 -I. -o o.le-v7-g/.obj/ListTest.o ../src/ListTest.cpp
../src/ListTest.cpp: In member function 'void ListTest::newPeriod(QString)':
../src/ListTest.cpp:847:8: warning: variable 'newStartDate' set but not used [-Wunused-but-set-variable]
../src/ListTest.cpp: At global scope:
../src/ListTest.cpp:1437:6: warning: unused parameter 'keyPressed' [-Wunused-parameter]
qcc -Vgcc_ntoarmv7le -lang-c++ -Wl,-rpath-link,C:/bbndk/target_10_2_0_1155/qnx6/armle-v7/lib -Wl,-rpath-link,C:/bbndk/target_10_2_0_1155/qnx6/armle-v7/usr/lib -Wl,-rpath-link,C:/bbndk/target_10_2_0_1155/qnx6/armle-v7/usr/lib/qt4/lib -o o.le-v7-g/ListTest o.le-v7-g/.obj/ListTest.o o.le-v7-g/.obj/applicationui.o o.le-v7-g/.obj/main.o o.le-v7-g/.obj/moc_ListTest.o o.le-v7-g/.obj/moc_applicationui.o    -LC:/bbndk/target_10_2_0_1155/qnx6/armle-v7/lib -LC:/bbndk/target_10_2_0_1155/qnx6/armle-v7/usr/lib -LC:/bbndk/target_10_2_0_1155/qnx6/armle-v7/usr/lib/qt4/lib -LC:/bbndk/target_10_2_0_1155/qnx6//usr/lib/qt4/lib -lbbdata -lbbdevice -lbbsystem -lbbplatform -lbbcascadesadvertisement -lbbcascades -lQtDeclarative -lQtScript -lQtSvg -lQtSql -lsqlite3 -lz -lQtXmlPatterns -lQtGui -lQtNetwork -lsocket -lQtCore -lm -lbps 
make[2]: Leaving directory `C:/Users/DNShark/Documents/SnapBudget/mainapp/ListTest/arm'
make[1]: Leaving directory `C:/Users/DNShark/Documents/SnapBudget/mainapp/ListTest/arm'
12:46:16 **** Incremental Build of configuration Device-Debug for project ListTest ****
make -j4 Device-Debug 
C:/bbndk/host_10_2_0_15/win32/x86/usr/bin/make -C .//translations -f Makefile update
make[1]: Entering directory `C:/Users/DNShark/Documents/SnapBudget/mainapp/ListTest/translations'
C:/bbndk/host_10_2_0_15/win32/x86/usr/bin/lupdate ListTest.pro
C:/Users/DNShark/Documents/SnapBudget/mainapp/ListTest/assets/js/graph.js:74: 
Updating 'ListTest.ts'...
    Found 6 source text(s) (0 new and 6 already existing)
make[1]: Leaving directory `C:/Users/DNShark/Documents/SnapBudget/mainapp/ListTest/translations'
C:/bbndk/host_10_2_0_15/win32/x86/usr/bin/make -C .//translations -f Makefile release
make[1]: Entering directory `C:/Users/DNShark/Documents/SnapBudget/mainapp/ListTest/translations'
C:/bbndk/host_10_2_0_15/win32/x86/usr/bin/lrelease ListTest.pro
Updating 'C:/Users/DNShark/Documents/SnapBudget/mainapp/ListTest/translations/ListTest.qm'...
    Generated 0 translation(s) (0 finished and 0 unfinished)
    Ignored 6 untranslated source text(s)
make[1]: Leaving directory `C:/Users/DNShark/Documents/SnapBudget/mainapp/ListTest/translations'
C:/bbndk/host_10_2_0_15/win32/x86/usr/bin/make -C ./arm -f Makefile debug
make[1]: Entering directory `C:/Users/DNShark/Documents/SnapBudget/mainapp/ListTest/arm'
C:/bbndk/host_10_2_0_15/win32/x86/usr/bin/make -f Makefile.Debug
make[2]: Entering directory `C:/Users/DNShark/Documents/SnapBudget/mainapp/ListTest/arm'
qcc -Vgcc_ntoarmv7le -c -Wc,-include -Wc,o.le-v7-g/.obj/ListTest -Wno-psabi -lang-c++ -fstack-protector -fstack-protector-all -mcpu=cortex-a9 -g -Wno-psabi -Wall -W -D_REENTRANT -DQT_NO_IMPORT_QT47_QML -DQ_OS_BLACKBERRY -DQT_DECLARATIVE_DEBUG -DQT_DECLARATIVE_LIB -DQT_CORE_LIB -DQT_SHARED -Ic:/bbndk/target_10_2_0_1155/qnx6/usr/share/qt4/mkspecs/blackberry-armv7le-qcc -I../../ListTest -Ic:/bbndk/target_10_2_0_1155/qnx6/usr/include/qt4/QtCore -Ic:/bbndk/target_10_2_0_1155/qnx6/usr/include/qt4/QtDeclarative -Ic:/bbndk/target_10_2_0_1155/qnx6/usr/include/qt4 -I../src -Io.le-v7-g/.moc -Ic:/bbndk/target_10_2_0_1155/qnx6/usr/include -Ic:/bbndk/target_10_2_0_1155/qnx6/usr/include/freetype2 -I. -o o.le-v7-g/.obj/ListTest.o ../src/ListTest.cpp
../src/ListTest.cpp: In member function 'void ListTest::newPeriod(QString)':
../src/ListTest.cpp:847:8: warning: variable 'newStartDate' set but not used [-Wunused-but-set-variable]
../src/ListTest.cpp: At global scope:
../src/ListTest.cpp:1437:6: warning: unused parameter 'keyPressed' [-Wunused-parameter]
../src/ListTest.cpp: In member function 'void ListTest::setUpPeriodListModel()':
../src/ListTest.cpp:2037:65: error: 'class QMap<QString, QVariant>' has no member named 'toString'
cc: C:/bbndk/host_10_2_0_15/win32/x86/usr/lib/gcc/arm-unknown-nto-qnx8.0.0eabi/4.6.3/cc1plus caught signal 1
make[2]: Leaving directory `C:/Users/DNShark/Documents/SnapBudget/mainapp/ListTest/arm'
make[2]: *** [o.le-v7-g/.obj/ListTest.o] Error 1
make[1]: *** [debug] Error 2
make[1]: Leaving directory `C:/Users/DNShark/Documents/SnapBudget/mainapp/ListTest/arm'
make: *** [Device-Debug] Error 2
12:47:56 **** Incremental Build of configuration Device-Debug for project ListTest ****
make -j4 Device-Debug 
C:/bbndk/host_10_2_0_15/win32/x86/usr/bin/make -C .//translations -f Makefile update
make[1]: Entering directory `C:/Users/DNShark/Documents/SnapBudget/mainapp/ListTest/translations'
C:/bbndk/host_10_2_0_15/win32/x86/usr/bin/lupdate ListTest.pro
C:/Users/DNShark/Documents/SnapBudget/mainapp/ListTest/assets/js/graph.js:74: 
Updating 'ListTest.ts'...
    Found 6 source text(s) (0 new and 6 already existing)
make[1]: Leaving directory `C:/Users/DNShark/Documents/SnapBudget/mainapp/ListTest/translations'
C:/bbndk/host_10_2_0_15/win32/x86/usr/bin/make -C .//translations -f Makefile release
make[1]: Entering directory `C:/Users/DNShark/Documents/SnapBudget/mainapp/ListTest/translations'
C:/bbndk/host_10_2_0_15/win32/x86/usr/bin/lrelease ListTest.pro
Updating 'C:/Users/DNShark/Documents/SnapBudget/mainapp/ListTest/translations/ListTest.qm'...
    Generated 0 translation(s) (0 finished and 0 unfinished)
    Ignored 6 untranslated source text(s)
make[1]: Leaving directory `C:/Users/DNShark/Documents/SnapBudget/mainapp/ListTest/translations'
C:/bbndk/host_10_2_0_15/win32/x86/usr/bin/make -C ./arm -f Makefile debug
make[1]: Entering directory `C:/Users/DNShark/Documents/SnapBudget/mainapp/ListTest/arm'
C:/bbndk/host_10_2_0_15/win32/x86/usr/bin/make -f Makefile.Debug
make[2]: Entering directory `C:/Users/DNShark/Documents/SnapBudget/mainapp/ListTest/arm'
qcc -Vgcc_ntoarmv7le -c -Wc,-include -Wc,o.le-v7-g/.obj/ListTest -Wno-psabi -lang-c++ -fstack-protector -fstack-protector-all -mcpu=cortex-a9 -g -Wno-psabi -Wall -W -D_REENTRANT -DQT_NO_IMPORT_QT47_QML -DQ_OS_BLACKBERRY -DQT_DECLARATIVE_DEBUG -DQT_DECLARATIVE_LIB -DQT_CORE_LIB -DQT_SHARED -Ic:/bbndk/target_10_2_0_1155/qnx6/usr/share/qt4/mkspecs/blackberry-armv7le-qcc -I../../ListTest -Ic:/bbndk/target_10_2_0_1155/qnx6/usr/include/qt4/QtCore -Ic:/bbndk/target_10_2_0_1155/qnx6/usr/include/qt4/QtDeclarative -Ic:/bbndk/target_10_2_0_1155/qnx6/usr/include/qt4 -I../src -Io.le-v7-g/.moc -Ic:/bbndk/target_10_2_0_1155/qnx6/usr/include -Ic:/bbndk/target_10_2_0_1155/qnx6/usr/include/freetype2 -I. -o o.le-v7-g/.obj/ListTest.o ../src/ListTest.cpp
../src/ListTest.cpp: In member function 'void ListTest::newPeriod(QString)':
../src/ListTest.cpp:847:8: warning: variable 'newStartDate' set but not used [-Wunused-but-set-variable]
../src/ListTest.cpp: At global scope:
../src/ListTest.cpp:1437:6: warning: unused parameter 'keyPressed' [-Wunused-parameter]
qcc -Vgcc_ntoarmv7le -lang-c++ -Wl,-rpath-link,C:/bbndk/target_10_2_0_1155/qnx6/armle-v7/lib -Wl,-rpath-link,C:/bbndk/target_10_2_0_1155/qnx6/armle-v7/usr/lib -Wl,-rpath-link,C:/bbndk/target_10_2_0_1155/qnx6/armle-v7/usr/lib/qt4/lib -o o.le-v7-g/ListTest o.le-v7-g/.obj/ListTest.o o.le-v7-g/.obj/applicationui.o o.le-v7-g/.obj/main.o o.le-v7-g/.obj/moc_ListTest.o o.le-v7-g/.obj/moc_applicationui.o    -LC:/bbndk/target_10_2_0_1155/qnx6/armle-v7/lib -LC:/bbndk/target_10_2_0_1155/qnx6/armle-v7/usr/lib -LC:/bbndk/target_10_2_0_1155/qnx6/armle-v7/usr/lib/qt4/lib -LC:/bbndk/target_10_2_0_1155/qnx6//usr/lib/qt4/lib -lbbdata -lbbdevice -lbbsystem -lbbplatform -lbbcascadesadvertisement -lbbcascades -lQtDeclarative -lQtScript -lQtSvg -lQtSql -lsqlite3 -lz -lQtXmlPatterns -lQtGui -lQtNetwork -lsocket -lQtCore -lm -lbps 
make[2]: Leaving directory `C:/Users/DNShark/Documents/SnapBudget/mainapp/ListTest/arm'
make[1]: Leaving directory `C:/Users/DNShark/Documents/SnapBudget/mainapp/ListTest/arm'
12:49:33 **** Incremental Build of configuration Device-Debug for project ListTest ****
make -j4 Device-Debug 
C:/bbndk/host_10_2_0_15/win32/x86/usr/bin/make -C .//translations -f Makefile update
make[1]: Entering directory `C:/Users/DNShark/Documents/SnapBudget/mainapp/ListTest/translations'
C:/bbndk/host_10_2_0_15/win32/x86/usr/bin/lupdate ListTest.pro
C:/Users/DNShark/Documents/SnapBudget/mainapp/ListTest/assets/js/graph.js:74: 
Updating 'ListTest.ts'...
    Found 6 source text(s) (0 new and 6 already existing)
make[1]: Leaving directory `C:/Users/DNShark/Documents/SnapBudget/mainapp/ListTest/translations'
C:/bbndk/host_10_2_0_15/win32/x86/usr/bin/make -C .//translations -f Makefile release
make[1]: Entering directory `C:/Users/DNShark/Documents/SnapBudget/mainapp/ListTest/translations'
C:/bbndk/host_10_2_0_15/win32/x86/usr/bin/lrelease ListTest.pro
Updating 'C:/Users/DNShark/Documents/SnapBudget/mainapp/ListTest/translations/ListTest.qm'...
    Generated 0 translation(s) (0 finished and 0 unfinished)
    Ignored 6 untranslated source text(s)
make[1]: Leaving directory `C:/Users/DNShark/Documents/SnapBudget/mainapp/ListTest/translations'
C:/bbndk/host_10_2_0_15/win32/x86/usr/bin/make -C ./arm -f Makefile debug
make[1]: Entering directory `C:/Users/DNShark/Documents/SnapBudget/mainapp/ListTest/arm'
C:/bbndk/host_10_2_0_15/win32/x86/usr/bin/make -f Makefile.Debug
make[2]: Entering directory `C:/Users/DNShark/Documents/SnapBudget/mainapp/ListTest/arm'
make[2]: Nothing to be done for `first'.
make[2]: Leaving directory `C:/Users/DNShark/Documents/SnapBudget/mainapp/ListTest/arm'
make[1]: Leaving directory `C:/Users/DNShark/Documents/SnapBudget/mainapp/ListTest/arm'
12:51:58 **** Incremental Build of configuration Device-Debug for project ListTest ****
make -j4 Device-Debug 
C:/bbndk/host_10_2_0_15/win32/x86/usr/bin/make -C .//translations -f Makefile update
make[1]: Entering directory `C:/Users/DNShark/Documents/SnapBudget/mainapp/ListTest/translations'
C:/bbndk/host_10_2_0_15/win32/x86/usr/bin/lupdate ListTest.pro
C:/Users/DNShark/Documents/SnapBudget/mainapp/ListTest/assets/js/graph.js:74: 
Updating 'ListTest.ts'...
    Found 6 source text(s) (0 new and 6 already existing)
make[1]: Leaving directory `C:/Users/DNShark/Documents/SnapBudget/mainapp/ListTest/translations'
C:/bbndk/host_10_2_0_15/win32/x86/usr/bin/make -C .//translations -f Makefile release
make[1]: Entering directory `C:/Users/DNShark/Documents/SnapBudget/mainapp/ListTest/translations'
C:/bbndk/host_10_2_0_15/win32/x86/usr/bin/lrelease ListTest.pro
Updating 'C:/Users/DNShark/Documents/SnapBudget/mainapp/ListTest/translations/ListTest.qm'...
    Generated 0 translation(s) (0 finished and 0 unfinished)
    Ignored 6 untranslated source text(s)
make[1]: Leaving directory `C:/Users/DNShark/Documents/SnapBudget/mainapp/ListTest/translations'
C:/bbndk/host_10_2_0_15/win32/x86/usr/bin/make -C ./arm -f Makefile debug
make[1]: Entering directory `C:/Users/DNShark/Documents/SnapBudget/mainapp/ListTest/arm'
C:/bbndk/host_10_2_0_15/win32/x86/usr/bin/make -f Makefile.Debug
make[2]: Entering directory `C:/Users/DNShark/Documents/SnapBudget/mainapp/ListTest/arm'
make[2]: Nothing to be done for `first'.
make[2]: Leaving directory `C:/Users/DNShark/Documents/SnapBudget/mainapp/ListTest/arm'
make[1]: Leaving directory `C:/Users/DNShark/Documents/SnapBudget/mainapp/ListTest/arm'
12:53:05 **** Incremental Build of configuration Device-Debug for project ListTest ****
make -j4 Device-Debug 
C:/bbndk/host_10_2_0_15/win32/x86/usr/bin/make -C .//translations -f Makefile update
make[1]: Entering directory `C:/Users/DNShark/Documents/SnapBudget/mainapp/ListTest/translations'
C:/bbndk/host_10_2_0_15/win32/x86/usr/bin/lupdate ListTest.pro
C:/Users/DNShark/Documents/SnapBudget/mainapp/ListTest/assets/js/graph.js:74: 
Updating 'ListTest.ts'...
    Found 6 source text(s) (0 new and 6 already existing)
make[1]: Leaving directory `C:/Users/DNShark/Documents/SnapBudget/mainapp/ListTest/translations'
C:/bbndk/host_10_2_0_15/win32/x86/usr/bin/make -C .//translations -f Makefile release
make[1]: Entering directory `C:/Users/DNShark/Documents/SnapBudget/mainapp/ListTest/translations'
C:/bbndk/host_10_2_0_15/win32/x86/usr/bin/lrelease ListTest.pro
Updating 'C:/Users/DNShark/Documents/SnapBudget/mainapp/ListTest/translations/ListTest.qm'...
    Generated 0 translation(s) (0 finished and 0 unfinished)
    Ignored 6 untranslated source text(s)
make[1]: Leaving directory `C:/Users/DNShark/Documents/SnapBudget/mainapp/ListTest/translations'
C:/bbndk/host_10_2_0_15/win32/x86/usr/bin/make -C ./arm -f Makefile debug
make[1]: Entering directory `C:/Users/DNShark/Documents/SnapBudget/mainapp/ListTest/arm'
C:/bbndk/host_10_2_0_15/win32/x86/usr/bin/make -f Makefile.Debug
make[2]: Entering directory `C:/Users/DNShark/Documents/SnapBudget/mainapp/ListTest/arm'
make[2]: Nothing to be done for `first'.
make[2]: Leaving directory `C:/Users/DNShark/Documents/SnapBudget/mainapp/ListTest/arm'
make[1]: Leaving directory `C:/Users/DNShark/Documents/SnapBudget/mainapp/ListTest/arm'
12:55:05 **** Incremental Build of configuration Device-Debug for project ListTest ****
make -j4 Device-Debug 
C:/bbndk/host_10_2_0_15/win32/x86/usr/bin/make -C .//translations -f Makefile update
make[1]: Entering directory `C:/Users/DNShark/Documents/SnapBudget/mainapp/ListTest/translations'
C:/bbndk/host_10_2_0_15/win32/x86/usr/bin/lupdate ListTest.pro
C:/Users/DNShark/Documents/SnapBudget/mainapp/ListTest/assets/js/graph.js:74: 
Updating 'ListTest.ts'...
    Found 6 source text(s) (0 new and 6 already existing)
make[1]: Leaving directory `C:/Users/DNShark/Documents/SnapBudget/mainapp/ListTest/translations'
C:/bbndk/host_10_2_0_15/win32/x86/usr/bin/make -C .//translations -f Makefile release
make[1]: Entering directory `C:/Users/DNShark/Documents/SnapBudget/mainapp/ListTest/translations'
C:/bbndk/host_10_2_0_15/win32/x86/usr/bin/lrelease ListTest.pro
Updating 'C:/Users/DNShark/Documents/SnapBudget/mainapp/ListTest/translations/ListTest.qm'...
    Generated 0 translation(s) (0 finished and 0 unfinished)
    Ignored 6 untranslated source text(s)
make[1]: Leaving directory `C:/Users/DNShark/Documents/SnapBudget/mainapp/ListTest/translations'
C:/bbndk/host_10_2_0_15/win32/x86/usr/bin/make -C ./arm -f Makefile debug
make[1]: Entering directory `C:/Users/DNShark/Documents/SnapBudget/mainapp/ListTest/arm'
C:/bbndk/host_10_2_0_15/win32/x86/usr/bin/make -f Makefile.Debug
make[2]: Entering directory `C:/Users/DNShark/Documents/SnapBudget/mainapp/ListTest/arm'
qcc -Vgcc_ntoarmv7le -c -Wc,-include -Wc,o.le-v7-g/.obj/ListTest -Wno-psabi -lang-c++ -fstack-protector -fstack-protector-all -mcpu=cortex-a9 -g -Wno-psabi -Wall -W -D_REENTRANT -DQT_NO_IMPORT_QT47_QML -DQ_OS_BLACKBERRY -DQT_DECLARATIVE_DEBUG -DQT_DECLARATIVE_LIB -DQT_CORE_LIB -DQT_SHARED -Ic:/bbndk/target_10_2_0_1155/qnx6/usr/share/qt4/mkspecs/blackberry-armv7le-qcc -I../../ListTest -Ic:/bbndk/target_10_2_0_1155/qnx6/usr/include/qt4/QtCore -Ic:/bbndk/target_10_2_0_1155/qnx6/usr/include/qt4/QtDeclarative -Ic:/bbndk/target_10_2_0_1155/qnx6/usr/include/qt4 -I../src -Io.le-v7-g/.moc -Ic:/bbndk/target_10_2_0_1155/qnx6/usr/include -Ic:/bbndk/target_10_2_0_1155/qnx6/usr/include/freetype2 -I. -o o.le-v7-g/.obj/ListTest.o ../src/ListTest.cpp
../src/ListTest.cpp: In member function 'void ListTest::newPeriod(QString)':
../src/ListTest.cpp:847:8: warning: variable 'newStartDate' set but not used [-Wunused-but-set-variable]
../src/ListTest.cpp: At global scope:
../src/ListTest.cpp:1437:6: warning: unused parameter 'keyPressed' [-Wunused-parameter]
qcc -Vgcc_ntoarmv7le -lang-c++ -Wl,-rpath-link,C:/bbndk/target_10_2_0_1155/qnx6/armle-v7/lib -Wl,-rpath-link,C:/bbndk/target_10_2_0_1155/qnx6/armle-v7/usr/lib -Wl,-rpath-link,C:/bbndk/target_10_2_0_1155/qnx6/armle-v7/usr/lib/qt4/lib -o o.le-v7-g/ListTest o.le-v7-g/.obj/ListTest.o o.le-v7-g/.obj/applicationui.o o.le-v7-g/.obj/main.o o.le-v7-g/.obj/moc_ListTest.o o.le-v7-g/.obj/moc_applicationui.o    -LC:/bbndk/target_10_2_0_1155/qnx6/armle-v7/lib -LC:/bbndk/target_10_2_0_1155/qnx6/armle-v7/usr/lib -LC:/bbndk/target_10_2_0_1155/qnx6/armle-v7/usr/lib/qt4/lib -LC:/bbndk/target_10_2_0_1155/qnx6//usr/lib/qt4/lib -lbbdata -lbbdevice -lbbsystem -lbbplatform -lbbcascadesadvertisement -lbbcascades -lQtDeclarative -lQtScript -lQtSvg -lQtSql -lsqlite3 -lz -lQtXmlPatterns -lQtGui -lQtNetwork -lsocket -lQtCore -lm -lbps 
make[2]: Leaving directory `C:/Users/DNShark/Documents/SnapBudget/mainapp/ListTest/arm'
make[1]: Leaving directory `C:/Users/DNShark/Documents/SnapBudget/mainapp/ListTest/arm'
13:06:08 **** Incremental Build of configuration Device-Debug for project ListTest ****
make -j4 Device-Debug 
C:/bbndk/host_10_2_0_15/win32/x86/usr/bin/make -C .//translations -f Makefile update
make[1]: Entering directory `C:/Users/DNShark/Documents/SnapBudget/mainapp/ListTest/translations'
C:/bbndk/host_10_2_0_15/win32/x86/usr/bin/lupdate ListTest.pro
C:/Users/DNShark/Documents/SnapBudget/mainapp/ListTest/assets/js/graph.js:74: 
Updating 'ListTest.ts'...
    Found 6 source text(s) (0 new and 6 already existing)
make[1]: Leaving directory `C:/Users/DNShark/Documents/SnapBudget/mainapp/ListTest/translations'
C:/bbndk/host_10_2_0_15/win32/x86/usr/bin/make -C .//translations -f Makefile release
make[1]: Entering directory `C:/Users/DNShark/Documents/SnapBudget/mainapp/ListTest/translations'
C:/bbndk/host_10_2_0_15/win32/x86/usr/bin/lrelease ListTest.pro
Updating 'C:/Users/DNShark/Documents/SnapBudget/mainapp/ListTest/translations/ListTest.qm'...
    Generated 0 translation(s) (0 finished and 0 unfinished)
    Ignored 6 untranslated source text(s)
make[1]: Leaving directory `C:/Users/DNShark/Documents/SnapBudget/mainapp/ListTest/translations'
C:/bbndk/host_10_2_0_15/win32/x86/usr/bin/make -C ./arm -f Makefile debug
make[1]: Entering directory `C:/Users/DNShark/Documents/SnapBudget/mainapp/ListTest/arm'
C:/bbndk/host_10_2_0_15/win32/x86/usr/bin/make -f Makefile.Debug
make[2]: Entering directory `C:/Users/DNShark/Documents/SnapBudget/mainapp/ListTest/arm'
qcc -Vgcc_ntoarmv7le -c -Wc,-include -Wc,o.le-v7-g/.obj/ListTest -Wno-psabi -lang-c++ -fstack-protector -fstack-protector-all -mcpu=cortex-a9 -g -Wno-psabi -Wall -W -D_REENTRANT -DQT_NO_IMPORT_QT47_QML -DQ_OS_BLACKBERRY -DQT_DECLARATIVE_DEBUG -DQT_DECLARATIVE_LIB -DQT_CORE_LIB -DQT_SHARED -Ic:/bbndk/target_10_2_0_1155/qnx6/usr/share/qt4/mkspecs/blackberry-armv7le-qcc -I../../ListTest -Ic:/bbndk/target_10_2_0_1155/qnx6/usr/include/qt4/QtCore -Ic:/bbndk/target_10_2_0_1155/qnx6/usr/include/qt4/QtDeclarative -Ic:/bbndk/target_10_2_0_1155/qnx6/usr/include/qt4 -I../src -Io.le-v7-g/.moc -Ic:/bbndk/target_10_2_0_1155/qnx6/usr/include -Ic:/bbndk/target_10_2_0_1155/qnx6/usr/include/freetype2 -I. -o o.le-v7-g/.obj/ListTest.o ../src/ListTest.cpp
../src/ListTest.cpp: In member function 'void ListTest::newPeriod(QString)':
../src/ListTest.cpp:847:8: warning: variable 'newStartDate' set but not used [-Wunused-but-set-variable]
../src/ListTest.cpp: At global scope:
../src/ListTest.cpp:1437:6: warning: unused parameter 'keyPressed' [-Wunused-parameter]
qcc -Vgcc_ntoarmv7le -lang-c++ -Wl,-rpath-link,C:/bbndk/target_10_2_0_1155/qnx6/armle-v7/lib -Wl,-rpath-link,C:/bbndk/target_10_2_0_1155/qnx6/armle-v7/usr/lib -Wl,-rpath-link,C:/bbndk/target_10_2_0_1155/qnx6/armle-v7/usr/lib/qt4/lib -o o.le-v7-g/ListTest o.le-v7-g/.obj/ListTest.o o.le-v7-g/.obj/applicationui.o o.le-v7-g/.obj/main.o o.le-v7-g/.obj/moc_ListTest.o o.le-v7-g/.obj/moc_applicationui.o    -LC:/bbndk/target_10_2_0_1155/qnx6/armle-v7/lib -LC:/bbndk/target_10_2_0_1155/qnx6/armle-v7/usr/lib -LC:/bbndk/target_10_2_0_1155/qnx6/armle-v7/usr/lib/qt4/lib -LC:/bbndk/target_10_2_0_1155/qnx6//usr/lib/qt4/lib -lbbdata -lbbdevice -lbbsystem -lbbplatform -lbbcascadesadvertisement -lbbcascades -lQtDeclarative -lQtScript -lQtSvg -lQtSql -lsqlite3 -lz -lQtXmlPatterns -lQtGui -lQtNetwork -lsocket -lQtCore -lm -lbps 
make[2]: Leaving directory `C:/Users/DNShark/Documents/SnapBudget/mainapp/ListTest/arm'
make[1]: Leaving directory `C:/Users/DNShark/Documents/SnapBudget/mainapp/ListTest/arm'
13:08:33 **** Incremental Build of configuration Device-Debug for project ListTest ****
make -j4 Device-Debug 
C:/bbndk/host_10_2_0_15/win32/x86/usr/bin/make -C .//translations -f Makefile update
make[1]: Entering directory `C:/Users/DNShark/Documents/SnapBudget/mainapp/ListTest/translations'
C:/bbndk/host_10_2_0_15/win32/x86/usr/bin/lupdate ListTest.pro
C:/Users/DNShark/Documents/SnapBudget/mainapp/ListTest/assets/js/graph.js:74: 
Updating 'ListTest.ts'...
    Found 6 source text(s) (0 new and 6 already existing)
make[1]: Leaving directory `C:/Users/DNShark/Documents/SnapBudget/mainapp/ListTest/translations'
C:/bbndk/host_10_2_0_15/win32/x86/usr/bin/make -C .//translations -f Makefile release
make[1]: Entering directory `C:/Users/DNShark/Documents/SnapBudget/mainapp/ListTest/translations'
C:/bbndk/host_10_2_0_15/win32/x86/usr/bin/lrelease ListTest.pro
Updating 'C:/Users/DNShark/Documents/SnapBudget/mainapp/ListTest/translations/ListTest.qm'...
    Generated 0 translation(s) (0 finished and 0 unfinished)
    Ignored 6 untranslated source text(s)
make[1]: Leaving directory `C:/Users/DNShark/Documents/SnapBudget/mainapp/ListTest/translations'
C:/bbndk/host_10_2_0_15/win32/x86/usr/bin/make -C ./arm -f Makefile debug
make[1]: Entering directory `C:/Users/DNShark/Documents/SnapBudget/mainapp/ListTest/arm'
C:/bbndk/host_10_2_0_15/win32/x86/usr/bin/make -f Makefile.Debug
make[2]: Entering directory `C:/Users/DNShark/Documents/SnapBudget/mainapp/ListTest/arm'
make[2]: Nothing to be done for `first'.
make[2]: Leaving directory `C:/Users/DNShark/Documents/SnapBudget/mainapp/ListTest/arm'
make[1]: Leaving directory `C:/Users/DNShark/Documents/SnapBudget/mainapp/ListTest/arm'
13:18:23 **** Incremental Build of configuration Device-Debug for project ListTest ****
make -j4 Device-Debug 
C:/bbndk/host_10_2_0_15/win32/x86/usr/bin/make -C .//translations -f Makefile update
make[1]: Entering directory `C:/Users/DNShark/Documents/SnapBudget/mainapp/ListTest/translations'
C:/bbndk/host_10_2_0_15/win32/x86/usr/bin/lupdate ListTest.pro
C:/Users/DNShark/Documents/SnapBudget/mainapp/ListTest/assets/js/graph.js:74: 
Updating 'ListTest.ts'...
    Found 6 source text(s) (0 new and 6 already existing)
make[1]: Leaving directory `C:/Users/DNShark/Documents/SnapBudget/mainapp/ListTest/translations'
C:/bbndk/host_10_2_0_15/win32/x86/usr/bin/make -C .//translations -f Makefile release
make[1]: Entering directory `C:/Users/DNShark/Documents/SnapBudget/mainapp/ListTest/translations'
C:/bbndk/host_10_2_0_15/win32/x86/usr/bin/lrelease ListTest.pro
Updating 'C:/Users/DNShark/Documents/SnapBudget/mainapp/ListTest/translations/ListTest.qm'...
    Generated 0 translation(s) (0 finished and 0 unfinished)
    Ignored 6 untranslated source text(s)
make[1]: Leaving directory `C:/Users/DNShark/Documents/SnapBudget/mainapp/ListTest/translations'
C:/bbndk/host_10_2_0_15/win32/x86/usr/bin/make -C ./arm -f Makefile debug
make[1]: Entering directory `C:/Users/DNShark/Documents/SnapBudget/mainapp/ListTest/arm'
C:/bbndk/host_10_2_0_15/win32/x86/usr/bin/make -f Makefile.Debug
make[2]: Entering directory `C:/Users/DNShark/Documents/SnapBudget/mainapp/ListTest/arm'
qcc -Vgcc_ntoarmv7le -c -Wc,-include -Wc,o.le-v7-g/.obj/ListTest -Wno-psabi -lang-c++ -fstack-protector -fstack-protector-all -mcpu=cortex-a9 -g -Wno-psabi -Wall -W -D_REENTRANT -DQT_NO_IMPORT_QT47_QML -DQ_OS_BLACKBERRY -DQT_DECLARATIVE_DEBUG -DQT_DECLARATIVE_LIB -DQT_CORE_LIB -DQT_SHARED -Ic:/bbndk/target_10_2_0_1155/qnx6/usr/share/qt4/mkspecs/blackberry-armv7le-qcc -I../../ListTest -Ic:/bbndk/target_10_2_0_1155/qnx6/usr/include/qt4/QtCore -Ic:/bbndk/target_10_2_0_1155/qnx6/usr/include/qt4/QtDeclarative -Ic:/bbndk/target_10_2_0_1155/qnx6/usr/include/qt4 -I../src -Io.le-v7-g/.moc -Ic:/bbndk/target_10_2_0_1155/qnx6/usr/include -Ic:/bbndk/target_10_2_0_1155/qnx6/usr/include/freetype2 -I. -o o.le-v7-g/.obj/ListTest.o ../src/ListTest.cpp
../src/ListTest.cpp: In member function 'void ListTest::newPeriod(QString)':
../src/ListTest.cpp:848:8: warning: variable 'newStartDate' set but not used [-Wunused-but-set-variable]
../src/ListTest.cpp: At global scope:
../src/ListTest.cpp:1443:6: warning: unused parameter 'keyPressed' [-Wunused-parameter]
qcc -Vgcc_ntoarmv7le -lang-c++ -Wl,-rpath-link,C:/bbndk/target_10_2_0_1155/qnx6/armle-v7/lib -Wl,-rpath-link,C:/bbndk/target_10_2_0_1155/qnx6/armle-v7/usr/lib -Wl,-rpath-link,C:/bbndk/target_10_2_0_1155/qnx6/armle-v7/usr/lib/qt4/lib -o o.le-v7-g/ListTest o.le-v7-g/.obj/ListTest.o o.le-v7-g/.obj/applicationui.o o.le-v7-g/.obj/main.o o.le-v7-g/.obj/moc_ListTest.o o.le-v7-g/.obj/moc_applicationui.o    -LC:/bbndk/target_10_2_0_1155/qnx6/armle-v7/lib -LC:/bbndk/target_10_2_0_1155/qnx6/armle-v7/usr/lib -LC:/bbndk/target_10_2_0_1155/qnx6/armle-v7/usr/lib/qt4/lib -LC:/bbndk/target_10_2_0_1155/qnx6//usr/lib/qt4/lib -lbbdata -lbbdevice -lbbsystem -lbbplatform -lbbcascadesadvertisement -lbbcascades -lQtDeclarative -lQtScript -lQtSvg -lQtSql -lsqlite3 -lz -lQtXmlPatterns -lQtGui -lQtNetwork -lsocket -lQtCore -lm -lbps 
make[2]: Leaving directory `C:/Users/DNShark/Documents/SnapBudget/mainapp/ListTest/arm'
make[1]: Leaving directory `C:/Users/DNShark/Documents/SnapBudget/mainapp/ListTest/arm'
13:19:16 **** Incremental Build of configuration Device-Debug for project ListTest ****
make -j4 Device-Debug 
C:/bbndk/host_10_2_0_15/win32/x86/usr/bin/make -C .//translations -f Makefile update
make[1]: Entering directory `C:/Users/DNShark/Documents/SnapBudget/mainapp/ListTest/translations'
C:/bbndk/host_10_2_0_15/win32/x86/usr/bin/lupdate ListTest.pro
C:/Users/DNShark/Documents/SnapBudget/mainapp/ListTest/assets/js/graph.js:74: 
Updating 'ListTest.ts'...
    Found 6 source text(s) (0 new and 6 already existing)
make[1]: Leaving directory `C:/Users/DNShark/Documents/SnapBudget/mainapp/ListTest/translations'
C:/bbndk/host_10_2_0_15/win32/x86/usr/bin/make -C .//translations -f Makefile release
make[1]: Entering directory `C:/Users/DNShark/Documents/SnapBudget/mainapp/ListTest/translations'
C:/bbndk/host_10_2_0_15/win32/x86/usr/bin/lrelease ListTest.pro
Updating 'C:/Users/DNShark/Documents/SnapBudget/mainapp/ListTest/translations/ListTest.qm'...
    Generated 0 translation(s) (0 finished and 0 unfinished)
    Ignored 6 untranslated source text(s)
make[1]: Leaving directory `C:/Users/DNShark/Documents/SnapBudget/mainapp/ListTest/translations'
C:/bbndk/host_10_2_0_15/win32/x86/usr/bin/make -C ./arm -f Makefile debug
make[1]: Entering directory `C:/Users/DNShark/Documents/SnapBudget/mainapp/ListTest/arm'
C:/bbndk/host_10_2_0_15/win32/x86/usr/bin/make -f Makefile.Debug
make[2]: Entering directory `C:/Users/DNShark/Documents/SnapBudget/mainapp/ListTest/arm'
make[2]: Nothing to be done for `first'.
make[2]: Leaving directory `C:/Users/DNShark/Documents/SnapBudget/mainapp/ListTest/arm'
make[1]: Leaving directory `C:/Users/DNShark/Documents/SnapBudget/mainapp/ListTest/arm'
14:05:08 **** Incremental Build of configuration Device-Debug for project ListTest ****
make -j4 Device-Debug 
C:/bbndk/host_10_2_0_15/win32/x86/usr/bin/make -C .//translations -f Makefile update
make[1]: Entering directory `C:/Users/DNShark/Documents/SnapBudget/mainapp/ListTest/translations'
C:/bbndk/host_10_2_0_15/win32/x86/usr/bin/lupdate ListTest.pro
C:/Users/DNShark/Documents/SnapBudget/mainapp/ListTest/assets/js/graph.js:74: 
Updating 'ListTest.ts'...
    Found 6 source text(s) (0 new and 6 already existing)
make[1]: Leaving directory `C:/Users/DNShark/Documents/SnapBudget/mainapp/ListTest/translations'
C:/bbndk/host_10_2_0_15/win32/x86/usr/bin/make -C .//translations -f Makefile release
make[1]: Entering directory `C:/Users/DNShark/Documents/SnapBudget/mainapp/ListTest/translations'
C:/bbndk/host_10_2_0_15/win32/x86/usr/bin/lrelease ListTest.pro
Updating 'C:/Users/DNShark/Documents/SnapBudget/mainapp/ListTest/translations/ListTest.qm'...
    Generated 0 translation(s) (0 finished and 0 unfinished)
    Ignored 6 untranslated source text(s)
make[1]: Leaving directory `C:/Users/DNShark/Documents/SnapBudget/mainapp/ListTest/translations'
C:/bbndk/host_10_2_0_15/win32/x86/usr/bin/make -C ./arm -f Makefile debug
make[1]: Entering directory `C:/Users/DNShark/Documents/SnapBudget/mainapp/ListTest/arm'
C:/bbndk/host_10_2_0_15/win32/x86/usr/bin/make -f Makefile.Debug
make[2]: Entering directory `C:/Users/DNShark/Documents/SnapBudget/mainapp/ListTest/arm'
qcc -Vgcc_ntoarmv7le -c -Wc,-include -Wc,o.le-v7-g/.obj/ListTest -Wno-psabi -lang-c++ -fstack-protector -fstack-protector-all -mcpu=cortex-a9 -g -Wno-psabi -Wall -W -D_REENTRANT -DQT_NO_IMPORT_QT47_QML -DQ_OS_BLACKBERRY -DQT_DECLARATIVE_DEBUG -DQT_DECLARATIVE_LIB -DQT_CORE_LIB -DQT_SHARED -Ic:/bbndk/target_10_2_0_1155/qnx6/usr/share/qt4/mkspecs/blackberry-armv7le-qcc -I../../ListTest -Ic:/bbndk/target_10_2_0_1155/qnx6/usr/include/qt4/QtCore -Ic:/bbndk/target_10_2_0_1155/qnx6/usr/include/qt4/QtDeclarative -Ic:/bbndk/target_10_2_0_1155/qnx6/usr/include/qt4 -I../src -Io.le-v7-g/.moc -Ic:/bbndk/target_10_2_0_1155/qnx6/usr/include -Ic:/bbndk/target_10_2_0_1155/qnx6/usr/include/freetype2 -I. -o o.le-v7-g/.obj/ListTest.o ../src/ListTest.cpp
../src/ListTest.cpp: In member function 'void ListTest::newPeriod(QString)':
../src/ListTest.cpp:848:8: warning: variable 'newStartDate' set but not used [-Wunused-but-set-variable]
../src/ListTest.cpp: At global scope:
../src/ListTest.cpp:1443:6: warning: unused parameter 'keyPressed' [-Wunused-parameter]
qcc -Vgcc_ntoarmv7le -lang-c++ -Wl,-rpath-link,C:/bbndk/target_10_2_0_1155/qnx6/armle-v7/lib -Wl,-rpath-link,C:/bbndk/target_10_2_0_1155/qnx6/armle-v7/usr/lib -Wl,-rpath-link,C:/bbndk/target_10_2_0_1155/qnx6/armle-v7/usr/lib/qt4/lib -o o.le-v7-g/ListTest o.le-v7-g/.obj/ListTest.o o.le-v7-g/.obj/applicationui.o o.le-v7-g/.obj/main.o o.le-v7-g/.obj/moc_ListTest.o o.le-v7-g/.obj/moc_applicationui.o    -LC:/bbndk/target_10_2_0_1155/qnx6/armle-v7/lib -LC:/bbndk/target_10_2_0_1155/qnx6/armle-v7/usr/lib -LC:/bbndk/target_10_2_0_1155/qnx6/armle-v7/usr/lib/qt4/lib -LC:/bbndk/target_10_2_0_1155/qnx6//usr/lib/qt4/lib -lbbdata -lbbdevice -lbbsystem -lbbplatform -lbbcascadesadvertisement -lbbcascades -lQtDeclarative -lQtScript -lQtSvg -lQtSql -lsqlite3 -lz -lQtXmlPatterns -lQtGui -lQtNetwork -lsocket -lQtCore -lm -lbps 
make[2]: Leaving directory `C:/Users/DNShark/Documents/SnapBudget/mainapp/ListTest/arm'
make[1]: Leaving directory `C:/Users/DNShark/Documents/SnapBudget/mainapp/ListTest/arm'
14:06:04 **** Incremental Build of configuration Device-Debug for project ListTest ****
make -j4 Device-Debug 
C:/bbndk/host_10_2_0_15/win32/x86/usr/bin/make -C .//translations -f Makefile update
make[1]: Entering directory `C:/Users/DNShark/Documents/SnapBudget/mainapp/ListTest/translations'
C:/bbndk/host_10_2_0_15/win32/x86/usr/bin/lupdate ListTest.pro
C:/Users/DNShark/Documents/SnapBudget/mainapp/ListTest/assets/js/graph.js:74: 
Updating 'ListTest.ts'...
    Found 6 source text(s) (0 new and 6 already existing)
make[1]: Leaving directory `C:/Users/DNShark/Documents/SnapBudget/mainapp/ListTest/translations'
C:/bbndk/host_10_2_0_15/win32/x86/usr/bin/make -C .//translations -f Makefile release
make[1]: Entering directory `C:/Users/DNShark/Documents/SnapBudget/mainapp/ListTest/translations'
C:/bbndk/host_10_2_0_15/win32/x86/usr/bin/lrelease ListTest.pro
Updating 'C:/Users/DNShark/Documents/SnapBudget/mainapp/ListTest/translations/ListTest.qm'...
    Generated 0 translation(s) (0 finished and 0 unfinished)
    Ignored 6 untranslated source text(s)
make[1]: Leaving directory `C:/Users/DNShark/Documents/SnapBudget/mainapp/ListTest/translations'
C:/bbndk/host_10_2_0_15/win32/x86/usr/bin/make -C ./arm -f Makefile debug
make[1]: Entering directory `C:/Users/DNShark/Documents/SnapBudget/mainapp/ListTest/arm'
C:/bbndk/host_10_2_0_15/win32/x86/usr/bin/make -f Makefile.Debug
make[2]: Entering directory `C:/Users/DNShark/Documents/SnapBudget/mainapp/ListTest/arm'
make[2]: Nothing to be done for `first'.
make[2]: Leaving directory `C:/Users/DNShark/Documents/SnapBudget/mainapp/ListTest/arm'
make[1]: Leaving directory `C:/Users/DNShark/Documents/SnapBudget/mainapp/ListTest/arm'
14:06:34 **** Incremental Build of configuration Device-Debug for project ListTest ****
make -j4 Device-Debug 
C:/bbndk/host_10_2_0_15/win32/x86/usr/bin/make -C .//translations -f Makefile update
make[1]: Entering directory `C:/Users/DNShark/Documents/SnapBudget/mainapp/ListTest/translations'
C:/bbndk/host_10_2_0_15/win32/x86/usr/bin/lupdate ListTest.pro
C:/Users/DNShark/Documents/SnapBudget/mainapp/ListTest/assets/js/graph.js:74: 
Updating 'ListTest.ts'...
    Found 6 source text(s) (0 new and 6 already existing)
make[1]: Leaving directory `C:/Users/DNShark/Documents/SnapBudget/mainapp/ListTest/translations'
C:/bbndk/host_10_2_0_15/win32/x86/usr/bin/make -C .//translations -f Makefile release
make[1]: Entering directory `C:/Users/DNShark/Documents/SnapBudget/mainapp/ListTest/translations'
C:/bbndk/host_10_2_0_15/win32/x86/usr/bin/lrelease ListTest.pro
Updating 'C:/Users/DNShark/Documents/SnapBudget/mainapp/ListTest/translations/ListTest.qm'...
    Generated 0 translation(s) (0 finished and 0 unfinished)
    Ignored 6 untranslated source text(s)
make[1]: Leaving directory `C:/Users/DNShark/Documents/SnapBudget/mainapp/ListTest/translations'
C:/bbndk/host_10_2_0_15/win32/x86/usr/bin/make -C ./arm -f Makefile debug
make[1]: Entering directory `C:/Users/DNShark/Documents/SnapBudget/mainapp/ListTest/arm'
C:/bbndk/host_10_2_0_15/win32/x86/usr/bin/make -f Makefile.Debug
make[2]: Entering directory `C:/Users/DNShark/Documents/SnapBudget/mainapp/ListTest/arm'
make[2]: Nothing to be done for `first'.
make[2]: Leaving directory `C:/Users/DNShark/Documents/SnapBudget/mainapp/ListTest/arm'
make[1]: Leaving directory `C:/Users/DNShark/Documents/SnapBudget/mainapp/ListTest/arm'
18:15:02 **** Build of configuration Device-Debug for project ListTest ****
make -j4 Device-Debug 
C:/bbndk/host_10_2_0_15/win32/x86/usr/bin/make -C .//translations -f Makefile update
make[1]: Entering directory `C:/Users/DNShark/Documents/SnapBudget/mainapp/ListTest/translations'
C:/bbndk/host_10_2_0_15/win32/x86/usr/bin/lupdate ListTest.pro
C:/Users/DNShark/Documents/SnapBudget/mainapp/ListTest/assets/js/graph.js:74: 
Updating 'ListTest.ts'...
    Found 6 source text(s) (0 new and 6 already existing)
make[1]: Leaving directory `C:/Users/DNShark/Documents/SnapBudget/mainapp/ListTest/translations'
C:/bbndk/host_10_2_0_15/win32/x86/usr/bin/make -C .//translations -f Makefile release
make[1]: Entering directory `C:/Users/DNShark/Documents/SnapBudget/mainapp/ListTest/translations'
C:/bbndk/host_10_2_0_15/win32/x86/usr/bin/lrelease ListTest.pro
Updating 'C:/Users/DNShark/Documents/SnapBudget/mainapp/ListTest/translations/ListTest.qm'...
    Generated 0 translation(s) (0 finished and 0 unfinished)
    Ignored 6 untranslated source text(s)
make[1]: Leaving directory `C:/Users/DNShark/Documents/SnapBudget/mainapp/ListTest/translations'
C:/bbndk/host_10_2_0_15/win32/x86/usr/bin/make -C ./arm -f Makefile debug
make[1]: Entering directory `C:/Users/DNShark/Documents/SnapBudget/mainapp/ListTest/arm'
C:/bbndk/host_10_2_0_15/win32/x86/usr/bin/make -f Makefile.Debug
make[2]: Entering directory `C:/Users/DNShark/Documents/SnapBudget/mainapp/ListTest/arm'
make[2]: Nothing to be done for `first'.
make[2]: Leaving directory `C:/Users/DNShark/Documents/SnapBudget/mainapp/ListTest/arm'
make[1]: Leaving directory `C:/Users/DNShark/Documents/SnapBudget/mainapp/ListTest/arm'
18:17:40 **** Incremental Build of configuration Device-Debug for project ListTest ****
make -j4 Device-Debug 
C:/bbndk/host_10_2_0_15/win32/x86/usr/bin/make -C .//translations -f Makefile update
make[1]: Entering directory `C:/Users/DNShark/Documents/SnapBudget/mainapp/ListTest/translations'
C:/bbndk/host_10_2_0_15/win32/x86/usr/bin/lupdate ListTest.pro
C:/Users/DNShark/Documents/SnapBudget/mainapp/ListTest/assets/js/graph.js:74: 
Updating 'ListTest.ts'...
    Found 6 source text(s) (0 new and 6 already existing)
make[1]: Leaving directory `C:/Users/DNShark/Documents/SnapBudget/mainapp/ListTest/translations'
C:/bbndk/host_10_2_0_15/win32/x86/usr/bin/make -C .//translations -f Makefile release
make[1]: Entering directory `C:/Users/DNShark/Documents/SnapBudget/mainapp/ListTest/translations'
C:/bbndk/host_10_2_0_15/win32/x86/usr/bin/lrelease ListTest.pro
Updating 'C:/Users/DNShark/Documents/SnapBudget/mainapp/ListTest/translations/ListTest.qm'...
    Generated 0 translation(s) (0 finished and 0 unfinished)
    Ignored 6 untranslated source text(s)
make[1]: Leaving directory `C:/Users/DNShark/Documents/SnapBudget/mainapp/ListTest/translations'
C:/bbndk/host_10_2_0_15/win32/x86/usr/bin/make -C ./arm -f Makefile debug
make[1]: Entering directory `C:/Users/DNShark/Documents/SnapBudget/mainapp/ListTest/arm'
C:/bbndk/host_10_2_0_15/win32/x86/usr/bin/make -f Makefile.Debug
make[2]: Entering directory `C:/Users/DNShark/Documents/SnapBudget/mainapp/ListTest/arm'
make[2]: Nothing to be done for `first'.
make[2]: Leaving directory `C:/Users/DNShark/Documents/SnapBudget/mainapp/ListTest/arm'
make[1]: Leaving directory `C:/Users/DNShark/Documents/SnapBudget/mainapp/ListTest/arm'
